#
# A fatal error has been detected by the Java Runtime Environment:
#
#  EXCEPTION_ACCESS_VIOLATION (0xc0000005) at pc=0x0000000010014ed4, pid=11668, tid=10780
#
# JRE version: Java(TM) SE Runtime Environment (11.0.6+8) (build 11.0.6+8-LTS)
# Java VM: Java HotSpot(TM) 64-Bit Server VM (11.0.6+8-LTS, mixed mode, tiered, compressed oops, g1 gc, windows-amd64)
# Problematic frame:
# C  [sigar-amd64-winnt.dll+0x14ed4]
#
# No core dump will be written. Minidumps are not enabled by default on client versions of Windows
#
# If you would like to submit a bug report, please visit:
#   http://bugreport.java.com/bugreport/crash.jsp
# The crash happened outside the Java Virtual Machine in native code.
# See problematic frame for where to report the bug.
#

---------------  S U M M A R Y ------------

Command Line: -XX:TieredStopAtLevel=1 -Xverify:none -Dspring.output.ansi.enabled=always -javaagent:C:\WQApp\JetBrains\IntelliJ IDEA 2020.3.2\lib\idea_rt.jar=14614:C:\WQApp\JetBrains\IntelliJ IDEA 2020.3.2\bin -Dcom.sun.management.jmxremote -Dspring.jmx.enabled=true -Dspring.liveBeansView.mbeanDomain -Dspring.application.admin.enabled=true -Dfile.encoding=UTF-8 qiang.QiangApplication

Host: Intel(R) Core(TM) i7-7700HQ CPU @ 2.80GHz, 8 cores, 31G,  Windows 10 , 64 bit Build 22621 (10.0.22621.1325)
Time: Tue Mar 14 20:42:21 2023 中国标准时间 elapsed time: 174 seconds (0d 0h 2m 54s)

---------------  T H R E A D  ---------------

Current thread (0x000001d25b31e800):  JavaThread "http-nio-8085-exec-7" daemon [_thread_in_native, id=10780, stack(0x000000396f900000,0x000000396fa00000)]

Stack: [0x000000396f900000,0x000000396fa00000],  sp=0x000000396f9fbab0,  free space=1006k
Native frames: (J=compiled Java code, j=interpreted, Vv=VM code, C=native code)
C  [sigar-amd64-winnt.dll+0x14ed4]

Java frames: (J=compiled Java code, j=interpreted, Vv=VM code)
j  org.hyperic.sigar.Sigar.getCpuInfoList()[Lorg/hyperic/sigar/CpuInfo;+0
j  qiang.springboot.actuator.CustomEndPoint.getCpuInfo()Ljava/util/Map;+17
v  ~StubRoutines::call_stub
J 2239  jdk.internal.reflect.NativeMethodAccessorImpl.invoke0(Ljava/lang/reflect/Method;Ljava/lang/Object;[Ljava/lang/Object;)Ljava/lang/Object; java.base@11.0.6 (0 bytes) @ 0x000001d23314394f [0x000001d2331438c0+0x000000000000008f]
J 2238 c1 jdk.internal.reflect.NativeMethodAccessorImpl.invoke(Ljava/lang/Object;[Ljava/lang/Object;)Ljava/lang/Object; java.base@11.0.6 (104 bytes) @ 0x000001d233160004 [0x000001d23315fc40+0x00000000000003c4]
J 2141 c1 jdk.internal.reflect.DelegatingMethodAccessorImpl.invoke(Ljava/lang/Object;[Ljava/lang/Object;)Ljava/lang/Object; java.base@11.0.6 (10 bytes) @ 0x000001d2330fec04 [0x000001d2330febc0+0x0000000000000044]
J 3795 c1 org.springframework.util.ReflectionUtils.invokeMethod(Ljava/lang/reflect/Method;Ljava/lang/Object;[Ljava/lang/Object;)Ljava/lang/Object; (22 bytes) @ 0x000001d23345240c [0x000001d233452320+0x00000000000000ec]
j  org.springframework.boot.actuate.endpoint.invoke.reflect.ReflectiveOperationInvoker.invoke(Lorg/springframework/boot/actuate/endpoint/InvocationContext;)Ljava/lang/Object;+29
j  org.springframework.boot.actuate.endpoint.annotation.AbstractDiscoveredOperation.invoke(Lorg/springframework/boot/actuate/endpoint/InvocationContext;)Ljava/lang/Object;+5
j  org.springframework.boot.actuate.endpoint.web.servlet.AbstractWebMvcEndpointHandlerMapping$ServletWebOperationAdapter.handle(Ljavax/servlet/http/HttpServletRequest;Ljava/util/Map;)Ljava/lang/Object;+29
j  org.springframework.boot.actuate.endpoint.web.servlet.AbstractWebMvcEndpointHandlerMapping$OperationHandler.handle(Ljavax/servlet/http/HttpServletRequest;Ljava/util/Map;)Ljava/lang/Object;+6
v  ~StubRoutines::call_stub
J 2239  jdk.internal.reflect.NativeMethodAccessorImpl.invoke0(Ljava/lang/reflect/Method;Ljava/lang/Object;[Ljava/lang/Object;)Ljava/lang/Object; java.base@11.0.6 (0 bytes) @ 0x000001d23314394f [0x000001d2331438c0+0x000000000000008f]
J 2238 c1 jdk.internal.reflect.NativeMethodAccessorImpl.invoke(Ljava/lang/Object;[Ljava/lang/Object;)Ljava/lang/Object; java.base@11.0.6 (104 bytes) @ 0x000001d233160004 [0x000001d23315fc40+0x00000000000003c4]
J 2141 c1 jdk.internal.reflect.DelegatingMethodAccessorImpl.invoke(Ljava/lang/Object;[Ljava/lang/Object;)Ljava/lang/Object; java.base@11.0.6 (10 bytes) @ 0x000001d2330fec04 [0x000001d2330febc0+0x0000000000000044]
J 2145 c1 java.lang.reflect.Method.invoke(Ljava/lang/Object;[Ljava/lang/Object;)Ljava/lang/Object; java.base@11.0.6 (65 bytes) @ 0x000001d23310146c [0x000001d233101360+0x000000000000010c]
j  org.springframework.web.method.support.InvocableHandlerMethod.doInvoke([Ljava/lang/Object;)Ljava/lang/Object;+16
j  org.springframework.web.method.support.InvocableHandlerMethod.invokeForRequest(Lorg/springframework/web/context/request/NativeWebRequest;Lorg/springframework/web/method/support/ModelAndViewContainer;[Ljava/lang/Object;)Ljava/lang/Object;+56
j  org.springframework.web.servlet.mvc.method.annotation.ServletInvocableHandlerMethod.invokeAndHandle(Lorg/springframework/web/context/request/ServletWebRequest;Lorg/springframework/web/method/support/ModelAndViewContainer;[Ljava/lang/Object;)V+4
j  org.springframework.web.servlet.mvc.method.annotation.RequestMappingHandlerAdapter.invokeHandlerMethod(Ljavax/servlet/http/HttpServletRequest;Ljavax/servlet/http/HttpServletResponse;Lorg/springframework/web/method/HandlerMethod;)Lorg/springframework/web/servlet/ModelAndView;+244
j  org.springframework.web.servlet.mvc.method.annotation.RequestMappingHandlerAdapter.handleInternal(Ljavax/servlet/http/HttpServletRequest;Ljavax/servlet/http/HttpServletResponse;Lorg/springframework/web/method/HandlerMethod;)Lorg/springframework/web/servlet/ModelAndView;+81
j  org.springframework.web.servlet.mvc.method.AbstractHandlerMethodAdapter.handle(Ljavax/servlet/http/HttpServletRequest;Ljavax/servlet/http/HttpServletResponse;Ljava/lang/Object;)Lorg/springframework/web/servlet/ModelAndView;+7
j  org.springframework.web.servlet.DispatcherServlet.doDispatch(Ljavax/servlet/http/HttpServletRequest;Ljavax/servlet/http/HttpServletResponse;)V+257
j  org.springframework.web.servlet.DispatcherServlet.doService(Ljavax/servlet/http/HttpServletRequest;Ljavax/servlet/http/HttpServletResponse;)V+212
j  org.springframework.web.servlet.FrameworkServlet.processRequest(Ljavax/servlet/http/HttpServletRequest;Ljavax/servlet/http/HttpServletResponse;)V+71
j  org.springframework.web.servlet.FrameworkServlet.doGet(Ljavax/servlet/http/HttpServletRequest;Ljavax/servlet/http/HttpServletResponse;)V+3
j  javax.servlet.http.HttpServlet.service(Ljavax/servlet/http/HttpServletRequest;Ljavax/servlet/http/HttpServletResponse;)V+35
j  org.springframework.web.servlet.FrameworkServlet.service(Ljavax/servlet/http/HttpServletRequest;Ljavax/servlet/http/HttpServletResponse;)V+33
j  javax.servlet.http.HttpServlet.service(Ljavax/servlet/ServletRequest;Ljavax/servlet/ServletResponse;)V+36
j  org.apache.catalina.core.ApplicationFilterChain.internalDoFilter(Ljavax/servlet/ServletRequest;Ljavax/servlet/ServletResponse;)V+304
j  org.apache.catalina.core.ApplicationFilterChain.doFilter(Ljavax/servlet/ServletRequest;Ljavax/servlet/ServletResponse;)V+101
j  org.apache.tomcat.websocket.server.WsFilter.doFilter(Ljavax/servlet/ServletRequest;Ljavax/servlet/ServletResponse;Ljavax/servlet/FilterChain;)V+21
j  org.apache.catalina.core.ApplicationFilterChain.internalDoFilter(Ljavax/servlet/ServletRequest;Ljavax/servlet/ServletResponse;)V+135
j  org.apache.catalina.core.ApplicationFilterChain.doFilter(Ljavax/servlet/ServletRequest;Ljavax/servlet/ServletResponse;)V+101
j  org.springframework.boot.actuate.web.trace.servlet.HttpTraceFilter.doFilterInternal(Ljavax/servlet/http/HttpServletRequest;Ljavax/servlet/http/HttpServletResponse;Ljavax/servlet/FilterChain;)V+49
j  org.springframework.web.filter.OncePerRequestFilter.doFilter(Ljavax/servlet/ServletRequest;Ljavax/servlet/ServletResponse;Ljavax/servlet/FilterChain;)V+120
j  org.apache.catalina.core.ApplicationFilterChain.internalDoFilter(Ljavax/servlet/ServletRequest;Ljavax/servlet/ServletResponse;)V+135
j  org.apache.catalina.core.ApplicationFilterChain.doFilter(Ljavax/servlet/ServletRequest;Ljavax/servlet/ServletResponse;)V+101
j  org.springframework.web.filter.RequestContextFilter.doFilterInternal(Ljavax/servlet/http/HttpServletRequest;Ljavax/servlet/http/HttpServletResponse;Ljavax/servlet/FilterChain;)V+21
j  org.springframework.web.filter.OncePerRequestFilter.doFilter(Ljavax/servlet/ServletRequest;Ljavax/servlet/ServletResponse;Ljavax/servlet/FilterChain;)V+120
j  org.apache.catalina.core.ApplicationFilterChain.internalDoFilter(Ljavax/servlet/ServletRequest;Ljavax/servlet/ServletResponse;)V+135
j  org.apache.catalina.core.ApplicationFilterChain.doFilter(Ljavax/servlet/ServletRequest;Ljavax/servlet/ServletResponse;)V+101
j  org.springframework.web.filter.FormContentFilter.doFilterInternal(Ljavax/servlet/http/HttpServletRequest;Ljavax/servlet/http/HttpServletResponse;Ljavax/servlet/FilterChain;)V+38
j  org.springframework.web.filter.OncePerRequestFilter.doFilter(Ljavax/servlet/ServletRequest;Ljavax/servlet/ServletResponse;Ljavax/servlet/FilterChain;)V+120
j  org.apache.catalina.core.ApplicationFilterChain.internalDoFilter(Ljavax/servlet/ServletRequest;Ljavax/servlet/ServletResponse;)V+135
j  org.apache.catalina.core.ApplicationFilterChain.doFilter(Ljavax/servlet/ServletRequest;Ljavax/servlet/ServletResponse;)V+101
j  org.springframework.web.filter.HiddenHttpMethodFilter.doFilterInternal(Ljavax/servlet/http/HttpServletRequest;Ljavax/servlet/http/HttpServletResponse;Ljavax/servlet/FilterChain;)V+87
j  org.springframework.web.filter.OncePerRequestFilter.doFilter(Ljavax/servlet/ServletRequest;Ljavax/servlet/ServletResponse;Ljavax/servlet/FilterChain;)V+120
j  org.apache.catalina.core.ApplicationFilterChain.internalDoFilter(Ljavax/servlet/ServletRequest;Ljavax/servlet/ServletResponse;)V+135
j  org.apache.catalina.core.ApplicationFilterChain.doFilter(Ljavax/servlet/ServletRequest;Ljavax/servlet/ServletResponse;)V+101
j  org.springframework.boot.actuate.metrics.web.servlet.WebMvcMetricsFilter.filterAndRecordMetrics(Ljavax/servlet/http/HttpServletRequest;Ljavax/servlet/http/HttpServletResponse;Ljavax/servlet/FilterChain;)V+21
j  org.springframework.boot.actuate.metrics.web.servlet.WebMvcMetricsFilter.doFilterInternal(Ljavax/servlet/http/HttpServletRequest;Ljavax/servlet/http/HttpServletResponse;Ljavax/servlet/FilterChain;)V+4
j  org.springframework.web.filter.OncePerRequestFilter.doFilter(Ljavax/servlet/ServletRequest;Ljavax/servlet/ServletResponse;Ljavax/servlet/FilterChain;)V+120
j  org.apache.catalina.core.ApplicationFilterChain.internalDoFilter(Ljavax/servlet/ServletRequest;Ljavax/servlet/ServletResponse;)V+135
j  org.apache.catalina.core.ApplicationFilterChain.doFilter(Ljavax/servlet/ServletRequest;Ljavax/servlet/ServletResponse;)V+101
j  org.springframework.web.filter.CharacterEncodingFilter.doFilterInternal(Ljavax/servlet/http/HttpServletRequest;Ljavax/servlet/http/HttpServletResponse;Ljavax/servlet/FilterChain;)V+53
j  org.springframework.web.filter.OncePerRequestFilter.doFilter(Ljavax/servlet/ServletRequest;Ljavax/servlet/ServletResponse;Ljavax/servlet/FilterChain;)V+120
j  org.apache.catalina.core.ApplicationFilterChain.internalDoFilter(Ljavax/servlet/ServletRequest;Ljavax/servlet/ServletResponse;)V+135
j  org.apache.catalina.core.ApplicationFilterChain.doFilter(Ljavax/servlet/ServletRequest;Ljavax/servlet/ServletResponse;)V+101
j  org.apache.catalina.core.StandardWrapperValve.invoke(Lorg/apache/catalina/connector/Request;Lorg/apache/catalina/connector/Response;)V+694
j  org.apache.catalina.core.StandardContextValve.invoke(Lorg/apache/catalina/connector/Request;Lorg/apache/catalina/connector/Response;)V+166
j  org.apache.catalina.authenticator.AuthenticatorBase.invoke(Lorg/apache/catalina/connector/Request;Lorg/apache/catalina/connector/Response;)V+260
j  org.apache.catalina.core.StandardHostValve.invoke(Lorg/apache/catalina/connector/Request;Lorg/apache/catalina/connector/Response;)V+114
j  org.apache.catalina.valves.ErrorReportValve.invoke(Lorg/apache/catalina/connector/Request;Lorg/apache/catalina/connector/Response;)V+6
j  org.apache.catalina.core.StandardEngineValve.invoke(Lorg/apache/catalina/connector/Request;Lorg/apache/catalina/connector/Response;)V+45
j  org.apache.catalina.connector.CoyoteAdapter.service(Lorg/apache/coyote/Request;Lorg/apache/coyote/Response;)V+199
j  org.apache.coyote.http11.Http11Processor.service(Lorg/apache/tomcat/util/net/SocketWrapperBase;)Lorg/apache/tomcat/util/net/AbstractEndpoint$Handler$SocketState;+791
j  org.apache.coyote.AbstractProcessorLight.process(Lorg/apache/tomcat/util/net/SocketWrapperBase;Lorg/apache/tomcat/util/net/SocketEvent;)Lorg/apache/tomcat/util/net/AbstractEndpoint$Handler$SocketState;+113
j  org.apache.coyote.AbstractProtocol$ConnectionHandler.process(Lorg/apache/tomcat/util/net/SocketWrapperBase;Lorg/apache/tomcat/util/net/SocketEvent;)Lorg/apache/tomcat/util/net/AbstractEndpoint$Handler$SocketState;+422
j  org.apache.tomcat.util.net.NioEndpoint$SocketProcessor.doRun()V+221
j  org.apache.tomcat.util.net.SocketProcessorBase.run()V+21
j  java.util.concurrent.ThreadPoolExecutor.runWorker(Ljava/util/concurrent/ThreadPoolExecutor$Worker;)V+92 java.base@11.0.6
j  java.util.concurrent.ThreadPoolExecutor$Worker.run()V+5 java.base@11.0.6
j  org.apache.tomcat.util.threads.TaskThread$WrappingRunnable.run()V+4
j  java.lang.Thread.run()V+11 java.base@11.0.6
v  ~StubRoutines::call_stub

siginfo: EXCEPTION_ACCESS_VIOLATION (0xc0000005), reading address 0x000000005e890d88


Register to memory mapping:

RIP=0x0000000010014ed4 sigar-amd64-winnt.dll
RAX=0x000000005e890c50 is an unknown value
RBX={method} {0x000001d25d478160} 'getCpuInfoList' '()[Lorg/hyperic/sigar/CpuInfo;' in 'org/hyperic/sigar/Sigar'
RCX=0x000001d25b31eb40 points into unknown readable memory: 90 5d 82 56 f9 7f 00 00
RDX=0x000000396f9fbc40 is pointing into the stack for thread: 0x000001d25b31e800
RSP=0x000000396f9fbab0 is pointing into the stack for thread: 0x000001d25b31e800
RBP=0x000000396f9fbc20 is pointing into the stack for thread: 0x000001d25b31e800
RSI=0x0000000040200021 is an unknown value
RDI=0x000001d232689e67 is at code_begin+2343 in an Interpreter codelet
invoke return entry points  [0x000001d232689540, 0x000001d232689f40]  2560 bytes
R8 =0x0000000000000032 is an unknown value
R9 =0x0000000621dd0870 is an oop: org.hyperic.sigar.Sigar 
{0x0000000621dd0870} - klass: 'org/hyperic/sigar/Sigar'
R10=0x0000000000000344 is an unknown value
R11=0x00007ff9568a0188 jvm.dll
R12=0x0 is NULL
R13=0x000001d25d478150 is pointing into metadata
R14=0x000000396f9fbc40 is pointing into the stack for thread: 0x000001d25b31e800
R15=0x000001d25b31e800 is a thread


Registers:
RAX=0x000000005e890c50, RBX=0x000001d25d478158, RCX=0x000001d25b31eb40, RDX=0x000000396f9fbc40
RSP=0x000000396f9fbab0, RBP=0x000000396f9fbc20, RSI=0x0000000040200021, RDI=0x000001d232689e67
R8 =0x0000000000000032, R9 =0x0000000621dd0870, R10=0x0000000000000344, R11=0x00007ff9568a0188
R12=0x0000000000000000, R13=0x000001d25d478150, R14=0x000000396f9fbc40, R15=0x000001d25b31e800
RIP=0x0000000010014ed4, EFLAGS=0x0000000000010206

Top of Stack: (sp=0x000000396f9fbab0)
0x000000396f9fbab0:   000001d25b31eb40 000000396f9fbc40
0x000000396f9fbac0:   0000000040200021 000001d25b31e800
0x000000396f9fbad0:   000000005e890c50 000000396f9fbc20
0x000000396f9fbae0:   000001d25d478158 0000000010022078
0x000000396f9fbaf0:   000001d25b31eb40 000000396f9fbc40
0x000000396f9fbb00:   0000000602b90400 00007ff955fb880f
0x000000396f9fbb10:   000001d232689e67 000000396f9fbc40
0x000000396f9fbb20:   000001d258401ff0 000001d25b31e800
0x000000396f9fbb30:   000001d259c32b80 00007ff9561ba1c3
0x000000396f9fbb40:   000000396f9fbfb0 0000000040200021
0x000000396f9fbb50:   0000000040200021 0000000040200021
0x000000396f9fbb60:   000001d25d478158 000001d25b31e800
0x000000396f9fbb70:   000001d232689e67 000001d23268ef00
0x000000396f9fbb80:   000000396f9fbf00 000001d25d478158
0x000000396f9fbb90:   000001d25b31e800 00000000000000b2
0x000000396f9fbba0:   000001d232689e67 000001d23268f0b7 

Instructions: (pc=0x0000000010014ed4)
0x0000000010014eb4:   7c 24 20 00 75 15 48 8d 15 df 58 04 00 48 8b 4c
0x0000000010014ec4:   24 40 e8 45 00 00 00 33 c0 eb 32 48 8b 44 24 20
0x0000000010014ed4:   83 b8 38 01 00 00 00 74 1f 48 8b 44 24 20 44 8b
0x0000000010014ee4:   80 38 01 00 00 48 8b 54 24 20 48 8b 4c 24 40 e8 


Stack slot to memory mapping:
stack at sp + 0 slots: 0x000001d25b31eb40 points into unknown readable memory: 90 5d 82 56 f9 7f 00 00
stack at sp + 1 slots: 0x000000396f9fbc40 is pointing into the stack for thread: 0x000001d25b31e800
stack at sp + 2 slots: 0x0000000040200021 is an unknown value
stack at sp + 3 slots: 0x000001d25b31e800 is a thread
stack at sp + 4 slots: 0x000000005e890c50 is an unknown value
stack at sp + 5 slots: 0x000000396f9fbc20 is pointing into the stack for thread: 0x000001d25b31e800
stack at sp + 6 slots: {method} {0x000001d25d478160} 'getCpuInfoList' '()[Lorg/hyperic/sigar/CpuInfo;' in 'org/hyperic/sigar/Sigar'
stack at sp + 7 slots: 0x0000000010022078 sigar-amd64-winnt.dll


---------------  P R O C E S S  ---------------

Threads class SMR info:
_java_thread_list=0x000001d25b4b5ef0, length=31, elements={
0x000001d257d39000, 0x000001d257d30000, 0x000001d257d98800, 0x000001d257d9d800,
0x000001d257d9f000, 0x000001d257da1800, 0x000001d2573ba000, 0x000001d2583fe000,
0x000001d2583ff800, 0x000001d258567000, 0x000001d25960b000, 0x000001d259155000,
0x000001d25af75800, 0x000001d259d27800, 0x000001d25af11800, 0x000001d25b322000,
0x000001d25b31c800, 0x000001d25b31e000, 0x000001d25b321000, 0x000001d25b323000,
0x000001d25b320800, 0x000001d25b31f800, 0x000001d25b31e800, 0x000001d25b31d000,
0x000001d25b3f1000, 0x000001d25b3eb800, 0x000001d25b3ec000, 0x000001d25b3ee000,
0x000001d25b3f0000, 0x000001d25b3ee800, 0x000001d25b3ed000
}

Java Threads: ( => current thread )
  0x000001d257d39000 JavaThread "Reference Handler" daemon [_thread_blocked, id=18128, stack(0x000000396d700000,0x000000396d800000)]
  0x000001d257d30000 JavaThread "Finalizer" daemon [_thread_blocked, id=9256, stack(0x000000396d800000,0x000000396d900000)]
  0x000001d257d98800 JavaThread "Signal Dispatcher" daemon [_thread_blocked, id=1240, stack(0x000000396d900000,0x000000396da00000)]
  0x000001d257d9d800 JavaThread "Attach Listener" daemon [_thread_blocked, id=21476, stack(0x000000396da00000,0x000000396db00000)]
  0x000001d257d9f000 JavaThread "C1 CompilerThread0" daemon [_thread_blocked, id=7656, stack(0x000000396db00000,0x000000396dc00000)]
  0x000001d257da1800 JavaThread "Sweeper thread" daemon [_thread_blocked, id=1244, stack(0x000000396dc00000,0x000000396dd00000)]
  0x000001d2573ba000 JavaThread "Common-Cleaner" daemon [_thread_blocked, id=9068, stack(0x000000396dd00000,0x000000396de00000)]
  0x000001d2583fe000 JavaThread "Monitor Ctrl-Break" daemon [_thread_in_native, id=19664, stack(0x000000396de00000,0x000000396df00000)]
  0x000001d2583ff800 JavaThread "Service Thread" daemon [_thread_blocked, id=12384, stack(0x000000396df00000,0x000000396e000000)]
  0x000001d258567000 JavaThread "RMI TCP Accept-0" daemon [_thread_in_native, id=19056, stack(0x000000396e000000,0x000000396e100000)]
  0x000001d25960b000 JavaThread "RMI Scheduler(0)" daemon [_thread_blocked, id=17680, stack(0x000000396ed00000,0x000000396ee00000)]
  0x000001d259155000 JavaThread "lettuce-eventExecutorLoop-1-1" daemon [_thread_blocked, id=10344, stack(0x000000396e200000,0x000000396e300000)]
  0x000001d25af75800 JavaThread "Catalina-utility-1" [_thread_blocked, id=13048, stack(0x000000396ef00000,0x000000396f000000)]
  0x000001d259d27800 JavaThread "Catalina-utility-2" [_thread_blocked, id=19568, stack(0x000000396f000000,0x000000396f100000)]
  0x000001d25af11800 JavaThread "container-0" [_thread_blocked, id=6856, stack(0x000000396f100000,0x000000396f200000)]
  0x000001d25b322000 JavaThread "http-nio-8085-BlockPoller" daemon [_thread_in_native, id=18348, stack(0x000000396f200000,0x000000396f300000)]
  0x000001d25b31c800 JavaThread "http-nio-8085-exec-1" daemon [_thread_blocked, id=21252, stack(0x000000396f300000,0x000000396f400000)]
  0x000001d25b31e000 JavaThread "http-nio-8085-exec-2" daemon [_thread_blocked, id=12548, stack(0x000000396f400000,0x000000396f500000)]
  0x000001d25b321000 JavaThread "http-nio-8085-exec-3" daemon [_thread_blocked, id=18464, stack(0x000000396f500000,0x000000396f600000)]
  0x000001d25b323000 JavaThread "http-nio-8085-exec-4" daemon [_thread_blocked, id=3620, stack(0x000000396f600000,0x000000396f700000)]
  0x000001d25b320800 JavaThread "http-nio-8085-exec-5" daemon [_thread_blocked, id=8980, stack(0x000000396f700000,0x000000396f800000)]
  0x000001d25b31f800 JavaThread "http-nio-8085-exec-6" daemon [_thread_blocked, id=20256, stack(0x000000396f800000,0x000000396f900000)]
=>0x000001d25b31e800 JavaThread "http-nio-8085-exec-7" daemon [_thread_in_native, id=10780, stack(0x000000396f900000,0x000000396fa00000)]
  0x000001d25b31d000 JavaThread "http-nio-8085-exec-8" daemon [_thread_blocked, id=7848, stack(0x000000396fa00000,0x000000396fb00000)]
  0x000001d25b3f1000 JavaThread "http-nio-8085-exec-9" daemon [_thread_blocked, id=18156, stack(0x000000396fb00000,0x000000396fc00000)]
  0x000001d25b3eb800 JavaThread "http-nio-8085-exec-10" daemon [_thread_blocked, id=6168, stack(0x000000396fc00000,0x000000396fd00000)]
  0x000001d25b3ec000 JavaThread "http-nio-8085-ClientPoller" daemon [_thread_in_native, id=2800, stack(0x000000396fd00000,0x000000396fe00000)]
  0x000001d25b3ee000 JavaThread "http-nio-8085-Acceptor" daemon [_thread_in_native, id=8404, stack(0x000000396fe00000,0x000000396ff00000)]
  0x000001d25b3f0000 JavaThread "DestroyJavaVM" [_thread_blocked, id=17144, stack(0x000000396d000000,0x000000396d100000)]
  0x000001d25b3ee800 JavaThread "parallel-1" daemon [_thread_blocked, id=17480, stack(0x0000003970000000,0x0000003970100000)]
  0x000001d25b3ed000 JavaThread "lettuce-nioEventLoop-4-1" daemon [_thread_in_native, id=17088, stack(0x0000003970300000,0x0000003970400000)]

Other Threads:
  0x000001d257d03000 VMThread "VM Thread" [stack: 0x000000396d600000,0x000000396d700000] [id=6708]
  0x000001d25856a800 WatcherThread [stack: 0x000000396e100000,0x000000396e200000] [id=18628]
  0x000001d22a31c000 GCTaskThread "GC Thread#0" [stack: 0x000000396d100000,0x000000396d200000] [id=17484]
  0x000001d259236000 GCTaskThread "GC Thread#1" [stack: 0x000000396e300000,0x000000396e400000] [id=17700]
  0x000001d25923f000 GCTaskThread "GC Thread#2" [stack: 0x000000396e400000,0x000000396e500000] [id=5448]
  0x000001d259181800 GCTaskThread "GC Thread#3" [stack: 0x000000396e500000,0x000000396e600000] [id=18752]
  0x000001d259182800 GCTaskThread "GC Thread#4" [stack: 0x000000396e600000,0x000000396e700000] [id=8140]
  0x000001d259218800 GCTaskThread "GC Thread#5" [stack: 0x000000396e700000,0x000000396e800000] [id=1896]
  0x000001d259219000 GCTaskThread "GC Thread#6" [stack: 0x000000396e800000,0x000000396e900000] [id=11988]
  0x000001d25921a000 GCTaskThread "GC Thread#7" [stack: 0x000000396e900000,0x000000396ea00000] [id=20096]
  0x000001d22a39c000 ConcurrentGCThread "G1 Main Marker" [stack: 0x000000396d200000,0x000000396d300000] [id=20892]
  0x000001d22a39f000 ConcurrentGCThread "G1 Conc#0" [stack: 0x000000396d300000,0x000000396d400000] [id=18084]
  0x000001d259530800 ConcurrentGCThread "G1 Conc#1" [stack: 0x000000396eb00000,0x000000396ec00000] [id=6904]
  0x000001d25735e800 ConcurrentGCThread "G1 Refine#0" [stack: 0x000000396d400000,0x000000396d500000] [id=18808]
  0x000001d259282000 ConcurrentGCThread "G1 Refine#1" [stack: 0x000000396ea00000,0x000000396eb00000] [id=18760]
  0x000001d257361800 ConcurrentGCThread "G1 Young RemSet Sampling" [stack: 0x000000396d500000,0x000000396d600000] [id=21268]

Threads with active compile tasks:

VM state:not at safepoint (normal execution)

VM Mutex/Monitor currently owned by a thread: None

Heap address: 0x0000000602800000, size: 8152 MB, Compressed Oops mode: Zero based, Oop shift amount: 3
Narrow klass base: 0x0000000800000000, Narrow klass shift: 0
Compressed class space size: 1073741824 Address: 0x0000000800000000

Heap:
 garbage-first heap   total 522240K, used 81403K [0x0000000602800000, 0x0000000800000000)
  region size 2048K, 37 young (75776K), 9 survivors (18432K)
 Metaspace       used 55090K, capacity 56851K, committed 57084K, reserved 1099776K
  class space    used 7059K, capacity 7743K, committed 7756K, reserved 1048576K
Heap Regions: E=young(eden), S=young(survivor), O=old, HS=humongous(starts), HC=humongous(continues), CS=collection set, F=free, A=archive, TAMS=top-at-mark-start (previous, next)
|   0|0x0000000602800000, 0x0000000602a00000, 0x0000000602a00000|100%| O|  |TAMS 0x0000000602a00000, 0x0000000602800000| Untracked 
|   1|0x0000000602a00000, 0x0000000602c00000, 0x0000000602c00000|100%| O|  |TAMS 0x0000000602c00000, 0x0000000602a00000| Untracked 
|   2|0x0000000602c00000, 0x0000000602e00000, 0x0000000602e00000|100%| O|  |TAMS 0x0000000602e00000, 0x0000000602c00000| Untracked 
|   3|0x0000000602e00000, 0x0000000602fb1a00, 0x0000000603000000| 84%| O|  |TAMS 0x0000000602fb1a00, 0x0000000602e00000| Untracked 
|   4|0x0000000603000000, 0x0000000603000000, 0x0000000603200000|  0%| F|  |TAMS 0x0000000603000000, 0x0000000603000000| Untracked 
|   5|0x0000000603200000, 0x0000000603200000, 0x0000000603400000|  0%| F|  |TAMS 0x0000000603200000, 0x0000000603200000| Untracked 
|   6|0x0000000603400000, 0x0000000603400000, 0x0000000603600000|  0%| F|  |TAMS 0x0000000603400000, 0x0000000603400000| Untracked 
|   7|0x0000000603600000, 0x0000000603600000, 0x0000000603800000|  0%| F|  |TAMS 0x0000000603600000, 0x0000000603600000| Untracked 
|   8|0x0000000603800000, 0x0000000603800000, 0x0000000603a00000|  0%| F|  |TAMS 0x0000000603800000, 0x0000000603800000| Untracked 
|   9|0x0000000603a00000, 0x0000000603a00000, 0x0000000603c00000|  0%| F|  |TAMS 0x0000000603a00000, 0x0000000603a00000| Untracked 
|  10|0x0000000603c00000, 0x0000000603c00000, 0x0000000603e00000|  0%| F|  |TAMS 0x0000000603c00000, 0x0000000603c00000| Untracked 
|  11|0x0000000603e00000, 0x0000000603e00000, 0x0000000604000000|  0%| F|  |TAMS 0x0000000603e00000, 0x0000000603e00000| Untracked 
|  12|0x0000000604000000, 0x0000000604000000, 0x0000000604200000|  0%| F|  |TAMS 0x0000000604000000, 0x0000000604000000| Untracked 
|  13|0x0000000604200000, 0x0000000604200000, 0x0000000604400000|  0%| F|  |TAMS 0x0000000604200000, 0x0000000604200000| Untracked 
|  14|0x0000000604400000, 0x0000000604400000, 0x0000000604600000|  0%| F|  |TAMS 0x0000000604400000, 0x0000000604400000| Untracked 
|  15|0x0000000604600000, 0x0000000604600000, 0x0000000604800000|  0%| F|  |TAMS 0x0000000604600000, 0x0000000604600000| Untracked 
|  16|0x0000000604800000, 0x0000000604800000, 0x0000000604a00000|  0%| F|  |TAMS 0x0000000604800000, 0x0000000604800000| Untracked 
|  17|0x0000000604a00000, 0x0000000604a00000, 0x0000000604c00000|  0%| F|  |TAMS 0x0000000604a00000, 0x0000000604a00000| Untracked 
|  18|0x0000000604c00000, 0x0000000604c00000, 0x0000000604e00000|  0%| F|  |TAMS 0x0000000604c00000, 0x0000000604c00000| Untracked 
|  19|0x0000000604e00000, 0x0000000604e00000, 0x0000000605000000|  0%| F|  |TAMS 0x0000000604e00000, 0x0000000604e00000| Untracked 
|  20|0x0000000605000000, 0x0000000605000000, 0x0000000605200000|  0%| F|  |TAMS 0x0000000605000000, 0x0000000605000000| Untracked 
|  21|0x0000000605200000, 0x0000000605200000, 0x0000000605400000|  0%| F|  |TAMS 0x0000000605200000, 0x0000000605200000| Untracked 
|  22|0x0000000605400000, 0x0000000605400000, 0x0000000605600000|  0%| F|  |TAMS 0x0000000605400000, 0x0000000605400000| Untracked 
|  23|0x0000000605600000, 0x0000000605600000, 0x0000000605800000|  0%| F|  |TAMS 0x0000000605600000, 0x0000000605600000| Untracked 
|  24|0x0000000605800000, 0x0000000605800000, 0x0000000605a00000|  0%| F|  |TAMS 0x0000000605800000, 0x0000000605800000| Untracked 
|  25|0x0000000605a00000, 0x0000000605a00000, 0x0000000605c00000|  0%| F|  |TAMS 0x0000000605a00000, 0x0000000605a00000| Untracked 
|  26|0x0000000605c00000, 0x0000000605c00000, 0x0000000605e00000|  0%| F|  |TAMS 0x0000000605c00000, 0x0000000605c00000| Untracked 
|  27|0x0000000605e00000, 0x0000000605e00000, 0x0000000606000000|  0%| F|  |TAMS 0x0000000605e00000, 0x0000000605e00000| Untracked 
|  28|0x0000000606000000, 0x0000000606000000, 0x0000000606200000|  0%| F|  |TAMS 0x0000000606000000, 0x0000000606000000| Untracked 
|  29|0x0000000606200000, 0x0000000606200000, 0x0000000606400000|  0%| F|  |TAMS 0x0000000606200000, 0x0000000606200000| Untracked 
|  30|0x0000000606400000, 0x0000000606400000, 0x0000000606600000|  0%| F|  |TAMS 0x0000000606400000, 0x0000000606400000| Untracked 
|  31|0x0000000606600000, 0x0000000606600000, 0x0000000606800000|  0%| F|  |TAMS 0x0000000606600000, 0x0000000606600000| Untracked 
|  32|0x0000000606800000, 0x0000000606800000, 0x0000000606a00000|  0%| F|  |TAMS 0x0000000606800000, 0x0000000606800000| Untracked 
|  33|0x0000000606a00000, 0x0000000606a00000, 0x0000000606c00000|  0%| F|  |TAMS 0x0000000606a00000, 0x0000000606a00000| Untracked 
|  34|0x0000000606c00000, 0x0000000606c00000, 0x0000000606e00000|  0%| F|  |TAMS 0x0000000606c00000, 0x0000000606c00000| Untracked 
|  35|0x0000000606e00000, 0x0000000606e00000, 0x0000000607000000|  0%| F|  |TAMS 0x0000000606e00000, 0x0000000606e00000| Untracked 
|  36|0x0000000607000000, 0x0000000607000000, 0x0000000607200000|  0%| F|  |TAMS 0x0000000607000000, 0x0000000607000000| Untracked 
|  37|0x0000000607200000, 0x0000000607200000, 0x0000000607400000|  0%| F|  |TAMS 0x0000000607200000, 0x0000000607200000| Untracked 
|  38|0x0000000607400000, 0x0000000607400000, 0x0000000607600000|  0%| F|  |TAMS 0x0000000607400000, 0x0000000607400000| Untracked 
|  39|0x0000000607600000, 0x0000000607600000, 0x0000000607800000|  0%| F|  |TAMS 0x0000000607600000, 0x0000000607600000| Untracked 
|  40|0x0000000607800000, 0x0000000607800000, 0x0000000607a00000|  0%| F|  |TAMS 0x0000000607800000, 0x0000000607800000| Untracked 
|  41|0x0000000607a00000, 0x0000000607a00000, 0x0000000607c00000|  0%| F|  |TAMS 0x0000000607a00000, 0x0000000607a00000| Untracked 
|  42|0x0000000607c00000, 0x0000000607c00000, 0x0000000607e00000|  0%| F|  |TAMS 0x0000000607c00000, 0x0000000607c00000| Untracked 
|  43|0x0000000607e00000, 0x0000000607e00000, 0x0000000608000000|  0%| F|  |TAMS 0x0000000607e00000, 0x0000000607e00000| Untracked 
|  44|0x0000000608000000, 0x0000000608000000, 0x0000000608200000|  0%| F|  |TAMS 0x0000000608000000, 0x0000000608000000| Untracked 
|  45|0x0000000608200000, 0x0000000608200000, 0x0000000608400000|  0%| F|  |TAMS 0x0000000608200000, 0x0000000608200000| Untracked 
|  46|0x0000000608400000, 0x0000000608400000, 0x0000000608600000|  0%| F|  |TAMS 0x0000000608400000, 0x0000000608400000| Untracked 
|  47|0x0000000608600000, 0x0000000608600000, 0x0000000608800000|  0%| F|  |TAMS 0x0000000608600000, 0x0000000608600000| Untracked 
|  48|0x0000000608800000, 0x0000000608800000, 0x0000000608a00000|  0%| F|  |TAMS 0x0000000608800000, 0x0000000608800000| Untracked 
|  49|0x0000000608a00000, 0x0000000608a00000, 0x0000000608c00000|  0%| F|  |TAMS 0x0000000608a00000, 0x0000000608a00000| Untracked 
|  50|0x0000000608c00000, 0x0000000608c00000, 0x0000000608e00000|  0%| F|  |TAMS 0x0000000608c00000, 0x0000000608c00000| Untracked 
|  51|0x0000000608e00000, 0x0000000608e00000, 0x0000000609000000|  0%| F|  |TAMS 0x0000000608e00000, 0x0000000608e00000| Untracked 
|  52|0x0000000609000000, 0x0000000609000000, 0x0000000609200000|  0%| F|  |TAMS 0x0000000609000000, 0x0000000609000000| Untracked 
|  53|0x0000000609200000, 0x0000000609200000, 0x0000000609400000|  0%| F|  |TAMS 0x0000000609200000, 0x0000000609200000| Untracked 
|  54|0x0000000609400000, 0x0000000609400000, 0x0000000609600000|  0%| F|  |TAMS 0x0000000609400000, 0x0000000609400000| Untracked 
|  55|0x0000000609600000, 0x0000000609600000, 0x0000000609800000|  0%| F|  |TAMS 0x0000000609600000, 0x0000000609600000| Untracked 
|  56|0x0000000609800000, 0x0000000609800000, 0x0000000609a00000|  0%| F|  |TAMS 0x0000000609800000, 0x0000000609800000| Untracked 
|  57|0x0000000609a00000, 0x0000000609a00000, 0x0000000609c00000|  0%| F|  |TAMS 0x0000000609a00000, 0x0000000609a00000| Untracked 
|  58|0x0000000609c00000, 0x0000000609c00000, 0x0000000609e00000|  0%| F|  |TAMS 0x0000000609c00000, 0x0000000609c00000| Untracked 
|  59|0x0000000609e00000, 0x0000000609e00000, 0x000000060a000000|  0%| F|  |TAMS 0x0000000609e00000, 0x0000000609e00000| Untracked 
|  60|0x000000060a000000, 0x000000060a000000, 0x000000060a200000|  0%| F|  |TAMS 0x000000060a000000, 0x000000060a000000| Untracked 
|  61|0x000000060a200000, 0x000000060a200000, 0x000000060a400000|  0%| F|  |TAMS 0x000000060a200000, 0x000000060a200000| Untracked 
|  62|0x000000060a400000, 0x000000060a400000, 0x000000060a600000|  0%| F|  |TAMS 0x000000060a400000, 0x000000060a400000| Untracked 
|  63|0x000000060a600000, 0x000000060a600000, 0x000000060a800000|  0%| F|  |TAMS 0x000000060a600000, 0x000000060a600000| Untracked 
|  64|0x000000060a800000, 0x000000060a800000, 0x000000060aa00000|  0%| F|  |TAMS 0x000000060a800000, 0x000000060a800000| Untracked 
|  65|0x000000060aa00000, 0x000000060aa00000, 0x000000060ac00000|  0%| F|  |TAMS 0x000000060aa00000, 0x000000060aa00000| Untracked 
|  66|0x000000060ac00000, 0x000000060ac00000, 0x000000060ae00000|  0%| F|  |TAMS 0x000000060ac00000, 0x000000060ac00000| Untracked 
|  67|0x000000060ae00000, 0x000000060ae00000, 0x000000060b000000|  0%| F|  |TAMS 0x000000060ae00000, 0x000000060ae00000| Untracked 
|  68|0x000000060b000000, 0x000000060b000000, 0x000000060b200000|  0%| F|  |TAMS 0x000000060b000000, 0x000000060b000000| Untracked 
|  69|0x000000060b200000, 0x000000060b200000, 0x000000060b400000|  0%| F|  |TAMS 0x000000060b200000, 0x000000060b200000| Untracked 
|  70|0x000000060b400000, 0x000000060b400000, 0x000000060b600000|  0%| F|  |TAMS 0x000000060b400000, 0x000000060b400000| Untracked 
|  71|0x000000060b600000, 0x000000060b600000, 0x000000060b800000|  0%| F|  |TAMS 0x000000060b600000, 0x000000060b600000| Untracked 
|  72|0x000000060b800000, 0x000000060b800000, 0x000000060ba00000|  0%| F|  |TAMS 0x000000060b800000, 0x000000060b800000| Untracked 
|  73|0x000000060ba00000, 0x000000060ba00000, 0x000000060bc00000|  0%| F|  |TAMS 0x000000060ba00000, 0x000000060ba00000| Untracked 
|  74|0x000000060bc00000, 0x000000060bc00000, 0x000000060be00000|  0%| F|  |TAMS 0x000000060bc00000, 0x000000060bc00000| Untracked 
|  75|0x000000060be00000, 0x000000060be00000, 0x000000060c000000|  0%| F|  |TAMS 0x000000060be00000, 0x000000060be00000| Untracked 
|  76|0x000000060c000000, 0x000000060c000000, 0x000000060c200000|  0%| F|  |TAMS 0x000000060c000000, 0x000000060c000000| Untracked 
|  77|0x000000060c200000, 0x000000060c200000, 0x000000060c400000|  0%| F|  |TAMS 0x000000060c200000, 0x000000060c200000| Untracked 
|  78|0x000000060c400000, 0x000000060c400000, 0x000000060c600000|  0%| F|  |TAMS 0x000000060c400000, 0x000000060c400000| Untracked 
|  79|0x000000060c600000, 0x000000060c600000, 0x000000060c800000|  0%| F|  |TAMS 0x000000060c600000, 0x000000060c600000| Untracked 
|  80|0x000000060c800000, 0x000000060c800000, 0x000000060ca00000|  0%| F|  |TAMS 0x000000060c800000, 0x000000060c800000| Untracked 
|  81|0x000000060ca00000, 0x000000060ca00000, 0x000000060cc00000|  0%| F|  |TAMS 0x000000060ca00000, 0x000000060ca00000| Untracked 
|  82|0x000000060cc00000, 0x000000060cc00000, 0x000000060ce00000|  0%| F|  |TAMS 0x000000060cc00000, 0x000000060cc00000| Untracked 
|  83|0x000000060ce00000, 0x000000060ce00000, 0x000000060d000000|  0%| F|  |TAMS 0x000000060ce00000, 0x000000060ce00000| Untracked 
|  84|0x000000060d000000, 0x000000060d000000, 0x000000060d200000|  0%| F|  |TAMS 0x000000060d000000, 0x000000060d000000| Untracked 
|  85|0x000000060d200000, 0x000000060d200000, 0x000000060d400000|  0%| F|  |TAMS 0x000000060d200000, 0x000000060d200000| Untracked 
|  86|0x000000060d400000, 0x000000060d400000, 0x000000060d600000|  0%| F|  |TAMS 0x000000060d400000, 0x000000060d400000| Untracked 
|  87|0x000000060d600000, 0x000000060d600000, 0x000000060d800000|  0%| F|  |TAMS 0x000000060d600000, 0x000000060d600000| Untracked 
|  88|0x000000060d800000, 0x000000060d800000, 0x000000060da00000|  0%| F|  |TAMS 0x000000060d800000, 0x000000060d800000| Untracked 
|  89|0x000000060da00000, 0x000000060da00000, 0x000000060dc00000|  0%| F|  |TAMS 0x000000060da00000, 0x000000060da00000| Untracked 
|  90|0x000000060dc00000, 0x000000060dc00000, 0x000000060de00000|  0%| F|  |TAMS 0x000000060dc00000, 0x000000060dc00000| Untracked 
|  91|0x000000060de00000, 0x000000060de00000, 0x000000060e000000|  0%| F|  |TAMS 0x000000060de00000, 0x000000060de00000| Untracked 
|  92|0x000000060e000000, 0x000000060e000000, 0x000000060e200000|  0%| F|  |TAMS 0x000000060e000000, 0x000000060e000000| Untracked 
|  93|0x000000060e200000, 0x000000060e200000, 0x000000060e400000|  0%| F|  |TAMS 0x000000060e200000, 0x000000060e200000| Untracked 
|  94|0x000000060e400000, 0x000000060e400000, 0x000000060e600000|  0%| F|  |TAMS 0x000000060e400000, 0x000000060e400000| Untracked 
|  95|0x000000060e600000, 0x000000060e600000, 0x000000060e800000|  0%| F|  |TAMS 0x000000060e600000, 0x000000060e600000| Untracked 
|  96|0x000000060e800000, 0x000000060e800000, 0x000000060ea00000|  0%| F|  |TAMS 0x000000060e800000, 0x000000060e800000| Untracked 
|  97|0x000000060ea00000, 0x000000060ea00000, 0x000000060ec00000|  0%| F|  |TAMS 0x000000060ea00000, 0x000000060ea00000| Untracked 
|  98|0x000000060ec00000, 0x000000060ec00000, 0x000000060ee00000|  0%| F|  |TAMS 0x000000060ec00000, 0x000000060ec00000| Untracked 
|  99|0x000000060ee00000, 0x000000060ee00000, 0x000000060f000000|  0%| F|  |TAMS 0x000000060ee00000, 0x000000060ee00000| Untracked 
| 100|0x000000060f000000, 0x000000060f000000, 0x000000060f200000|  0%| F|  |TAMS 0x000000060f000000, 0x000000060f000000| Untracked 
| 101|0x000000060f200000, 0x000000060f200000, 0x000000060f400000|  0%| F|  |TAMS 0x000000060f200000, 0x000000060f200000| Untracked 
| 102|0x000000060f400000, 0x000000060f400000, 0x000000060f600000|  0%| F|  |TAMS 0x000000060f400000, 0x000000060f400000| Untracked 
| 103|0x000000060f600000, 0x000000060f600000, 0x000000060f800000|  0%| F|  |TAMS 0x000000060f600000, 0x000000060f600000| Untracked 
| 104|0x000000060f800000, 0x000000060f800000, 0x000000060fa00000|  0%| F|  |TAMS 0x000000060f800000, 0x000000060f800000| Untracked 
| 105|0x000000060fa00000, 0x000000060fa00000, 0x000000060fc00000|  0%| F|  |TAMS 0x000000060fa00000, 0x000000060fa00000| Untracked 
| 106|0x000000060fc00000, 0x000000060fc00000, 0x000000060fe00000|  0%| F|  |TAMS 0x000000060fc00000, 0x000000060fc00000| Untracked 
| 107|0x000000060fe00000, 0x000000060fe00000, 0x0000000610000000|  0%| F|  |TAMS 0x000000060fe00000, 0x000000060fe00000| Untracked 
| 108|0x0000000610000000, 0x0000000610000000, 0x0000000610200000|  0%| F|  |TAMS 0x0000000610000000, 0x0000000610000000| Untracked 
| 109|0x0000000610200000, 0x0000000610200000, 0x0000000610400000|  0%| F|  |TAMS 0x0000000610200000, 0x0000000610200000| Untracked 
| 110|0x0000000610400000, 0x0000000610400000, 0x0000000610600000|  0%| F|  |TAMS 0x0000000610400000, 0x0000000610400000| Untracked 
| 111|0x0000000610600000, 0x0000000610600000, 0x0000000610800000|  0%| F|  |TAMS 0x0000000610600000, 0x0000000610600000| Untracked 
| 112|0x0000000610800000, 0x0000000610800000, 0x0000000610a00000|  0%| F|  |TAMS 0x0000000610800000, 0x0000000610800000| Untracked 
| 113|0x0000000610a00000, 0x0000000610a00000, 0x0000000610c00000|  0%| F|  |TAMS 0x0000000610a00000, 0x0000000610a00000| Untracked 
| 114|0x0000000610c00000, 0x0000000610c00000, 0x0000000610e00000|  0%| F|  |TAMS 0x0000000610c00000, 0x0000000610c00000| Untracked 
| 115|0x0000000610e00000, 0x0000000610e00000, 0x0000000611000000|  0%| F|  |TAMS 0x0000000610e00000, 0x0000000610e00000| Untracked 
| 116|0x0000000611000000, 0x0000000611000000, 0x0000000611200000|  0%| F|  |TAMS 0x0000000611000000, 0x0000000611000000| Untracked 
| 117|0x0000000611200000, 0x0000000611200000, 0x0000000611400000|  0%| F|  |TAMS 0x0000000611200000, 0x0000000611200000| Untracked 
| 118|0x0000000611400000, 0x0000000611400000, 0x0000000611600000|  0%| F|  |TAMS 0x0000000611400000, 0x0000000611400000| Untracked 
| 119|0x0000000611600000, 0x0000000611600000, 0x0000000611800000|  0%| F|  |TAMS 0x0000000611600000, 0x0000000611600000| Untracked 
| 120|0x0000000611800000, 0x0000000611800000, 0x0000000611a00000|  0%| F|  |TAMS 0x0000000611800000, 0x0000000611800000| Untracked 
| 121|0x0000000611a00000, 0x0000000611a00000, 0x0000000611c00000|  0%| F|  |TAMS 0x0000000611a00000, 0x0000000611a00000| Untracked 
| 122|0x0000000611c00000, 0x0000000611c00000, 0x0000000611e00000|  0%| F|  |TAMS 0x0000000611c00000, 0x0000000611c00000| Untracked 
| 123|0x0000000611e00000, 0x0000000611e00000, 0x0000000612000000|  0%| F|  |TAMS 0x0000000611e00000, 0x0000000611e00000| Untracked 
| 124|0x0000000612000000, 0x0000000612000000, 0x0000000612200000|  0%| F|  |TAMS 0x0000000612000000, 0x0000000612000000| Untracked 
| 125|0x0000000612200000, 0x0000000612200000, 0x0000000612400000|  0%| F|  |TAMS 0x0000000612200000, 0x0000000612200000| Untracked 
| 126|0x0000000612400000, 0x0000000612400000, 0x0000000612600000|  0%| F|  |TAMS 0x0000000612400000, 0x0000000612400000| Untracked 
| 127|0x0000000612600000, 0x0000000612600000, 0x0000000612800000|  0%| F|  |TAMS 0x0000000612600000, 0x0000000612600000| Untracked 
| 128|0x0000000612800000, 0x0000000612800000, 0x0000000612a00000|  0%| F|  |TAMS 0x0000000612800000, 0x0000000612800000| Untracked 
| 129|0x0000000612a00000, 0x0000000612a00000, 0x0000000612c00000|  0%| F|  |TAMS 0x0000000612a00000, 0x0000000612a00000| Untracked 
| 130|0x0000000612c00000, 0x0000000612c00000, 0x0000000612e00000|  0%| F|  |TAMS 0x0000000612c00000, 0x0000000612c00000| Untracked 
| 131|0x0000000612e00000, 0x0000000612e00000, 0x0000000613000000|  0%| F|  |TAMS 0x0000000612e00000, 0x0000000612e00000| Untracked 
| 132|0x0000000613000000, 0x0000000613000000, 0x0000000613200000|  0%| F|  |TAMS 0x0000000613000000, 0x0000000613000000| Untracked 
| 133|0x0000000613200000, 0x0000000613200000, 0x0000000613400000|  0%| F|  |TAMS 0x0000000613200000, 0x0000000613200000| Untracked 
| 134|0x0000000613400000, 0x0000000613400000, 0x0000000613600000|  0%| F|  |TAMS 0x0000000613400000, 0x0000000613400000| Untracked 
| 135|0x0000000613600000, 0x0000000613600000, 0x0000000613800000|  0%| F|  |TAMS 0x0000000613600000, 0x0000000613600000| Untracked 
| 136|0x0000000613800000, 0x0000000613800000, 0x0000000613a00000|  0%| F|  |TAMS 0x0000000613800000, 0x0000000613800000| Untracked 
| 137|0x0000000613a00000, 0x0000000613a00000, 0x0000000613c00000|  0%| F|  |TAMS 0x0000000613a00000, 0x0000000613a00000| Untracked 
| 138|0x0000000613c00000, 0x0000000613c00000, 0x0000000613e00000|  0%| F|  |TAMS 0x0000000613c00000, 0x0000000613c00000| Untracked 
| 139|0x0000000613e00000, 0x0000000613e00000, 0x0000000614000000|  0%| F|  |TAMS 0x0000000613e00000, 0x0000000613e00000| Untracked 
| 140|0x0000000614000000, 0x0000000614000000, 0x0000000614200000|  0%| F|  |TAMS 0x0000000614000000, 0x0000000614000000| Untracked 
| 141|0x0000000614200000, 0x0000000614200000, 0x0000000614400000|  0%| F|  |TAMS 0x0000000614200000, 0x0000000614200000| Untracked 
| 142|0x0000000614400000, 0x0000000614400000, 0x0000000614600000|  0%| F|  |TAMS 0x0000000614400000, 0x0000000614400000| Untracked 
| 143|0x0000000614600000, 0x0000000614600000, 0x0000000614800000|  0%| F|  |TAMS 0x0000000614600000, 0x0000000614600000| Untracked 
| 144|0x0000000614800000, 0x0000000614800000, 0x0000000614a00000|  0%| F|  |TAMS 0x0000000614800000, 0x0000000614800000| Untracked 
| 145|0x0000000614a00000, 0x0000000614a00000, 0x0000000614c00000|  0%| F|  |TAMS 0x0000000614a00000, 0x0000000614a00000| Untracked 
| 146|0x0000000614c00000, 0x0000000614c00000, 0x0000000614e00000|  0%| F|  |TAMS 0x0000000614c00000, 0x0000000614c00000| Untracked 
| 147|0x0000000614e00000, 0x0000000614e00000, 0x0000000615000000|  0%| F|  |TAMS 0x0000000614e00000, 0x0000000614e00000| Untracked 
| 148|0x0000000615000000, 0x0000000615000000, 0x0000000615200000|  0%| F|  |TAMS 0x0000000615000000, 0x0000000615000000| Untracked 
| 149|0x0000000615200000, 0x0000000615200000, 0x0000000615400000|  0%| F|  |TAMS 0x0000000615200000, 0x0000000615200000| Untracked 
| 150|0x0000000615400000, 0x0000000615400000, 0x0000000615600000|  0%| F|  |TAMS 0x0000000615400000, 0x0000000615400000| Untracked 
| 151|0x0000000615600000, 0x0000000615600000, 0x0000000615800000|  0%| F|  |TAMS 0x0000000615600000, 0x0000000615600000| Untracked 
| 152|0x0000000615800000, 0x0000000615800000, 0x0000000615a00000|  0%| F|  |TAMS 0x0000000615800000, 0x0000000615800000| Untracked 
| 153|0x0000000615a00000, 0x0000000615a00000, 0x0000000615c00000|  0%| F|  |TAMS 0x0000000615a00000, 0x0000000615a00000| Untracked 
| 154|0x0000000615c00000, 0x0000000615c00000, 0x0000000615e00000|  0%| F|  |TAMS 0x0000000615c00000, 0x0000000615c00000| Untracked 
| 155|0x0000000615e00000, 0x0000000615e00000, 0x0000000616000000|  0%| F|  |TAMS 0x0000000615e00000, 0x0000000615e00000| Untracked 
| 156|0x0000000616000000, 0x0000000616000000, 0x0000000616200000|  0%| F|  |TAMS 0x0000000616000000, 0x0000000616000000| Untracked 
| 157|0x0000000616200000, 0x0000000616200000, 0x0000000616400000|  0%| F|  |TAMS 0x0000000616200000, 0x0000000616200000| Untracked 
| 158|0x0000000616400000, 0x0000000616400000, 0x0000000616600000|  0%| F|  |TAMS 0x0000000616400000, 0x0000000616400000| Untracked 
| 159|0x0000000616600000, 0x0000000616600000, 0x0000000616800000|  0%| F|  |TAMS 0x0000000616600000, 0x0000000616600000| Untracked 
| 160|0x0000000616800000, 0x00000006169cd280, 0x0000000616a00000| 90%| S|CS|TAMS 0x0000000616800000, 0x0000000616800000| Complete 
| 161|0x0000000616a00000, 0x0000000616c00000, 0x0000000616c00000|100%| S|CS|TAMS 0x0000000616a00000, 0x0000000616a00000| Complete 
| 162|0x0000000616c00000, 0x0000000616e00000, 0x0000000616e00000|100%| S|CS|TAMS 0x0000000616c00000, 0x0000000616c00000| Complete 
| 163|0x0000000616e00000, 0x0000000617000000, 0x0000000617000000|100%| S|CS|TAMS 0x0000000616e00000, 0x0000000616e00000| Complete 
| 164|0x0000000617000000, 0x0000000617200000, 0x0000000617200000|100%| S|CS|TAMS 0x0000000617000000, 0x0000000617000000| Complete 
| 165|0x0000000617200000, 0x0000000617400000, 0x0000000617400000|100%| S|CS|TAMS 0x0000000617200000, 0x0000000617200000| Complete 
| 166|0x0000000617400000, 0x0000000617600000, 0x0000000617600000|100%| S|CS|TAMS 0x0000000617400000, 0x0000000617400000| Complete 
| 167|0x0000000617600000, 0x0000000617800000, 0x0000000617800000|100%| S|CS|TAMS 0x0000000617600000, 0x0000000617600000| Complete 
| 168|0x0000000617800000, 0x0000000617a00000, 0x0000000617a00000|100%| S|CS|TAMS 0x0000000617800000, 0x0000000617800000| Complete 
| 169|0x0000000617a00000, 0x0000000617a00000, 0x0000000617c00000|  0%| F|  |TAMS 0x0000000617a00000, 0x0000000617a00000| Untracked 
| 170|0x0000000617c00000, 0x0000000617c00000, 0x0000000617e00000|  0%| F|  |TAMS 0x0000000617c00000, 0x0000000617c00000| Untracked 
| 171|0x0000000617e00000, 0x0000000617e00000, 0x0000000618000000|  0%| F|  |TAMS 0x0000000617e00000, 0x0000000617e00000| Untracked 
| 172|0x0000000618000000, 0x0000000618000000, 0x0000000618200000|  0%| F|  |TAMS 0x0000000618000000, 0x0000000618000000| Untracked 
| 173|0x0000000618200000, 0x0000000618200000, 0x0000000618400000|  0%| F|  |TAMS 0x0000000618200000, 0x0000000618200000| Untracked 
| 174|0x0000000618400000, 0x0000000618400000, 0x0000000618600000|  0%| F|  |TAMS 0x0000000618400000, 0x0000000618400000| Untracked 
| 175|0x0000000618600000, 0x0000000618600000, 0x0000000618800000|  0%| F|  |TAMS 0x0000000618600000, 0x0000000618600000| Untracked 
| 176|0x0000000618800000, 0x0000000618800000, 0x0000000618a00000|  0%| F|  |TAMS 0x0000000618800000, 0x0000000618800000| Untracked 
| 177|0x0000000618a00000, 0x0000000618a00000, 0x0000000618c00000|  0%| F|  |TAMS 0x0000000618a00000, 0x0000000618a00000| Untracked 
| 178|0x0000000618c00000, 0x0000000618c00000, 0x0000000618e00000|  0%| F|  |TAMS 0x0000000618c00000, 0x0000000618c00000| Untracked 
| 179|0x0000000618e00000, 0x0000000618e00000, 0x0000000619000000|  0%| F|  |TAMS 0x0000000618e00000, 0x0000000618e00000| Untracked 
| 180|0x0000000619000000, 0x0000000619000000, 0x0000000619200000|  0%| F|  |TAMS 0x0000000619000000, 0x0000000619000000| Untracked 
| 181|0x0000000619200000, 0x0000000619200000, 0x0000000619400000|  0%| F|  |TAMS 0x0000000619200000, 0x0000000619200000| Untracked 
| 182|0x0000000619400000, 0x0000000619400000, 0x0000000619600000|  0%| F|  |TAMS 0x0000000619400000, 0x0000000619400000| Untracked 
| 183|0x0000000619600000, 0x0000000619600000, 0x0000000619800000|  0%| F|  |TAMS 0x0000000619600000, 0x0000000619600000| Untracked 
| 184|0x0000000619800000, 0x0000000619800000, 0x0000000619a00000|  0%| F|  |TAMS 0x0000000619800000, 0x0000000619800000| Untracked 
| 185|0x0000000619a00000, 0x0000000619a00000, 0x0000000619c00000|  0%| F|  |TAMS 0x0000000619a00000, 0x0000000619a00000| Untracked 
| 186|0x0000000619c00000, 0x0000000619c00000, 0x0000000619e00000|  0%| F|  |TAMS 0x0000000619c00000, 0x0000000619c00000| Untracked 
| 187|0x0000000619e00000, 0x0000000619e00000, 0x000000061a000000|  0%| F|  |TAMS 0x0000000619e00000, 0x0000000619e00000| Untracked 
| 188|0x000000061a000000, 0x000000061a000000, 0x000000061a200000|  0%| F|  |TAMS 0x000000061a000000, 0x000000061a000000| Untracked 
| 189|0x000000061a200000, 0x000000061a200000, 0x000000061a400000|  0%| F|  |TAMS 0x000000061a200000, 0x000000061a200000| Untracked 
| 190|0x000000061a400000, 0x000000061a400000, 0x000000061a600000|  0%| F|  |TAMS 0x000000061a400000, 0x000000061a400000| Untracked 
| 191|0x000000061a600000, 0x000000061a600000, 0x000000061a800000|  0%| F|  |TAMS 0x000000061a600000, 0x000000061a600000| Untracked 
| 192|0x000000061a800000, 0x000000061a800000, 0x000000061aa00000|  0%| F|  |TAMS 0x000000061a800000, 0x000000061a800000| Untracked 
| 193|0x000000061aa00000, 0x000000061aa00000, 0x000000061ac00000|  0%| F|  |TAMS 0x000000061aa00000, 0x000000061aa00000| Untracked 
| 194|0x000000061ac00000, 0x000000061ac00000, 0x000000061ae00000|  0%| F|  |TAMS 0x000000061ac00000, 0x000000061ac00000| Untracked 
| 195|0x000000061ae00000, 0x000000061ae00000, 0x000000061b000000|  0%| F|  |TAMS 0x000000061ae00000, 0x000000061ae00000| Untracked 
| 196|0x000000061b000000, 0x000000061b000000, 0x000000061b200000|  0%| F|  |TAMS 0x000000061b000000, 0x000000061b000000| Untracked 
| 197|0x000000061b200000, 0x000000061b200000, 0x000000061b400000|  0%| F|  |TAMS 0x000000061b200000, 0x000000061b200000| Untracked 
| 198|0x000000061b400000, 0x000000061b400000, 0x000000061b600000|  0%| F|  |TAMS 0x000000061b400000, 0x000000061b400000| Untracked 
| 199|0x000000061b600000, 0x000000061b600000, 0x000000061b800000|  0%| F|  |TAMS 0x000000061b600000, 0x000000061b600000| Untracked 
| 200|0x000000061b800000, 0x000000061b800000, 0x000000061ba00000|  0%| F|  |TAMS 0x000000061b800000, 0x000000061b800000| Untracked 
| 201|0x000000061ba00000, 0x000000061ba00000, 0x000000061bc00000|  0%| F|  |TAMS 0x000000061ba00000, 0x000000061ba00000| Untracked 
| 202|0x000000061bc00000, 0x000000061bc00000, 0x000000061be00000|  0%| F|  |TAMS 0x000000061bc00000, 0x000000061bc00000| Untracked 
| 203|0x000000061be00000, 0x000000061be00000, 0x000000061c000000|  0%| F|  |TAMS 0x000000061be00000, 0x000000061be00000| Untracked 
| 204|0x000000061c000000, 0x000000061c000000, 0x000000061c200000|  0%| F|  |TAMS 0x000000061c000000, 0x000000061c000000| Untracked 
| 205|0x000000061c200000, 0x000000061c200000, 0x000000061c400000|  0%| F|  |TAMS 0x000000061c200000, 0x000000061c200000| Untracked 
| 206|0x000000061c400000, 0x000000061c400000, 0x000000061c600000|  0%| F|  |TAMS 0x000000061c400000, 0x000000061c400000| Untracked 
| 207|0x000000061c600000, 0x000000061c600000, 0x000000061c800000|  0%| F|  |TAMS 0x000000061c600000, 0x000000061c600000| Untracked 
| 208|0x000000061c800000, 0x000000061c800000, 0x000000061ca00000|  0%| F|  |TAMS 0x000000061c800000, 0x000000061c800000| Untracked 
| 209|0x000000061ca00000, 0x000000061ca00000, 0x000000061cc00000|  0%| F|  |TAMS 0x000000061ca00000, 0x000000061ca00000| Untracked 
| 210|0x000000061cc00000, 0x000000061cc00000, 0x000000061ce00000|  0%| F|  |TAMS 0x000000061cc00000, 0x000000061cc00000| Untracked 
| 211|0x000000061ce00000, 0x000000061ce00000, 0x000000061d000000|  0%| F|  |TAMS 0x000000061ce00000, 0x000000061ce00000| Untracked 
| 212|0x000000061d000000, 0x000000061d000000, 0x000000061d200000|  0%| F|  |TAMS 0x000000061d000000, 0x000000061d000000| Untracked 
| 213|0x000000061d200000, 0x000000061d200000, 0x000000061d400000|  0%| F|  |TAMS 0x000000061d200000, 0x000000061d200000| Untracked 
| 214|0x000000061d400000, 0x000000061d400000, 0x000000061d600000|  0%| F|  |TAMS 0x000000061d400000, 0x000000061d400000| Untracked 
| 215|0x000000061d600000, 0x000000061d600000, 0x000000061d800000|  0%| F|  |TAMS 0x000000061d600000, 0x000000061d600000| Untracked 
| 216|0x000000061d800000, 0x000000061d800000, 0x000000061da00000|  0%| F|  |TAMS 0x000000061d800000, 0x000000061d800000| Untracked 
| 217|0x000000061da00000, 0x000000061da00000, 0x000000061dc00000|  0%| F|  |TAMS 0x000000061da00000, 0x000000061da00000| Untracked 
| 218|0x000000061dc00000, 0x000000061dc00000, 0x000000061de00000|  0%| F|  |TAMS 0x000000061dc00000, 0x000000061dc00000| Untracked 
| 219|0x000000061de00000, 0x000000061de00000, 0x000000061e000000|  0%| F|  |TAMS 0x000000061de00000, 0x000000061de00000| Untracked 
| 220|0x000000061e000000, 0x000000061e000000, 0x000000061e200000|  0%| F|  |TAMS 0x000000061e000000, 0x000000061e000000| Untracked 
| 221|0x000000061e200000, 0x000000061e200000, 0x000000061e400000|  0%| F|  |TAMS 0x000000061e200000, 0x000000061e200000| Untracked 
| 222|0x000000061e400000, 0x000000061e400000, 0x000000061e600000|  0%| F|  |TAMS 0x000000061e400000, 0x000000061e400000| Untracked 
| 223|0x000000061e600000, 0x000000061e600000, 0x000000061e800000|  0%| F|  |TAMS 0x000000061e600000, 0x000000061e600000| Untracked 
| 224|0x000000061e800000, 0x000000061e800000, 0x000000061ea00000|  0%| F|  |TAMS 0x000000061e800000, 0x000000061e800000| Untracked 
| 225|0x000000061ea00000, 0x000000061ea00000, 0x000000061ec00000|  0%| F|  |TAMS 0x000000061ea00000, 0x000000061ea00000| Untracked 
| 226|0x000000061ec00000, 0x000000061ec00000, 0x000000061ee00000|  0%| F|  |TAMS 0x000000061ec00000, 0x000000061ec00000| Untracked 
| 227|0x000000061ee00000, 0x000000061ef00800, 0x000000061f000000| 50%| E|  |TAMS 0x000000061ee00000, 0x000000061ee00000| Complete 
| 228|0x000000061f000000, 0x000000061f200000, 0x000000061f200000|100%| E|CS|TAMS 0x000000061f000000, 0x000000061f000000| Complete 
| 229|0x000000061f200000, 0x000000061f400000, 0x000000061f400000|100%| E|CS|TAMS 0x000000061f200000, 0x000000061f200000| Complete 
| 230|0x000000061f400000, 0x000000061f600000, 0x000000061f600000|100%| E|CS|TAMS 0x000000061f400000, 0x000000061f400000| Complete 
| 231|0x000000061f600000, 0x000000061f800000, 0x000000061f800000|100%| E|CS|TAMS 0x000000061f600000, 0x000000061f600000| Complete 
| 232|0x000000061f800000, 0x000000061fa00000, 0x000000061fa00000|100%| E|CS|TAMS 0x000000061f800000, 0x000000061f800000| Complete 
| 233|0x000000061fa00000, 0x000000061fc00000, 0x000000061fc00000|100%| E|CS|TAMS 0x000000061fa00000, 0x000000061fa00000| Complete 
| 234|0x000000061fc00000, 0x000000061fe00000, 0x000000061fe00000|100%| E|CS|TAMS 0x000000061fc00000, 0x000000061fc00000| Complete 
| 235|0x000000061fe00000, 0x0000000620000000, 0x0000000620000000|100%| E|CS|TAMS 0x000000061fe00000, 0x000000061fe00000| Complete 
| 236|0x0000000620000000, 0x0000000620200000, 0x0000000620200000|100%| E|CS|TAMS 0x0000000620000000, 0x0000000620000000| Complete 
| 237|0x0000000620200000, 0x0000000620400000, 0x0000000620400000|100%| E|CS|TAMS 0x0000000620200000, 0x0000000620200000| Complete 
| 238|0x0000000620400000, 0x0000000620600000, 0x0000000620600000|100%| E|CS|TAMS 0x0000000620400000, 0x0000000620400000| Complete 
| 239|0x0000000620600000, 0x0000000620800000, 0x0000000620800000|100%| E|CS|TAMS 0x0000000620600000, 0x0000000620600000| Complete 
| 240|0x0000000620800000, 0x0000000620a00000, 0x0000000620a00000|100%| E|CS|TAMS 0x0000000620800000, 0x0000000620800000| Complete 
| 241|0x0000000620a00000, 0x0000000620c00000, 0x0000000620c00000|100%| E|CS|TAMS 0x0000000620a00000, 0x0000000620a00000| Complete 
| 242|0x0000000620c00000, 0x0000000620e00000, 0x0000000620e00000|100%| E|CS|TAMS 0x0000000620c00000, 0x0000000620c00000| Complete 
| 243|0x0000000620e00000, 0x0000000621000000, 0x0000000621000000|100%| E|CS|TAMS 0x0000000620e00000, 0x0000000620e00000| Complete 
| 244|0x0000000621000000, 0x0000000621200000, 0x0000000621200000|100%| E|CS|TAMS 0x0000000621000000, 0x0000000621000000| Complete 
| 245|0x0000000621200000, 0x0000000621400000, 0x0000000621400000|100%| E|CS|TAMS 0x0000000621200000, 0x0000000621200000| Complete 
| 246|0x0000000621400000, 0x0000000621600000, 0x0000000621600000|100%| E|CS|TAMS 0x0000000621400000, 0x0000000621400000| Complete 
| 247|0x0000000621600000, 0x0000000621800000, 0x0000000621800000|100%| E|CS|TAMS 0x0000000621600000, 0x0000000621600000| Complete 
| 248|0x0000000621800000, 0x0000000621a00000, 0x0000000621a00000|100%| E|CS|TAMS 0x0000000621800000, 0x0000000621800000| Complete 
| 249|0x0000000621a00000, 0x0000000621c00000, 0x0000000621c00000|100%| E|CS|TAMS 0x0000000621a00000, 0x0000000621a00000| Complete 
| 250|0x0000000621c00000, 0x0000000621e00000, 0x0000000621e00000|100%| E|CS|TAMS 0x0000000621c00000, 0x0000000621c00000| Complete 
| 251|0x0000000621e00000, 0x0000000622000000, 0x0000000622000000|100%| E|CS|TAMS 0x0000000621e00000, 0x0000000621e00000| Complete 
| 252|0x0000000622000000, 0x0000000622200000, 0x0000000622200000|100%| E|CS|TAMS 0x0000000622000000, 0x0000000622000000| Complete 
| 253|0x0000000622200000, 0x0000000622400000, 0x0000000622400000|100%| E|CS|TAMS 0x0000000622200000, 0x0000000622200000| Complete 
| 254|0x0000000622400000, 0x0000000622600000, 0x0000000622600000|100%| E|CS|TAMS 0x0000000622400000, 0x0000000622400000| Complete 

Card table byte_map: [0x000001d2429a0000,0x000001d243990000] _byte_map_base: 0x000001d23f98c000

Marking Bits (Prev, Next): (CMBitMap*) 0x000001d22a38b348, (CMBitMap*) 0x000001d22a38b380
 Prev Bits: [0x000001d244980000, 0x000001d24c8e0000)
 Next Bits: [0x000001d24c8e0000, 0x000001d254840000)

Polling page: 0x000001d229ad0000

Metaspace:

Usage:
  Non-class:     47.96 MB capacity,    46.90 MB ( 98%) used,   877.77 KB (  2%) free+waste,   199.56 KB ( <1%) overhead. 
      Class:      7.56 MB capacity,     6.89 MB ( 91%) used,   584.37 KB (  8%) free+waste,    98.81 KB (  1%) overhead. 
       Both:     55.52 MB capacity,    53.80 MB ( 97%) used,     1.43 MB (  3%) free+waste,   298.38 KB ( <1%) overhead. 

Virtual space:
  Non-class space:       50.00 MB reserved,      48.17 MB ( 96%) committed 
      Class space:        1.00 GB reserved,       7.57 MB ( <1%) committed 
             Both:        1.05 GB reserved,      55.75 MB (  5%) committed 

Chunk freelists:
   Non-Class:  3.50 KB
       Class:  128 bytes
        Both:  3.63 KB

CodeHeap 'non-profiled nmethods': size=238336Kb used=9741Kb max_used=9741Kb free=228594Kb
 bounds [0x000001d232dc0000, 0x000001d233750000, 0x000001d241680000]
CodeHeap 'non-nmethods': size=7424Kb used=1238Kb max_used=1238Kb free=6185Kb
 bounds [0x000001d232680000, 0x000001d2328f0000, 0x000001d232dc0000]
 total_blobs=6064 nmethods=5406 adapters=525
 compilation: enabled
              stopped_count=0, restarted_count=0
 full_count=0

Compilation events (10 events):
Event: 172.022 Thread 0x000001d257d9f000 5442       1       org.apache.tomcat.util.http.parser.Cookie$ByteBuffer::position (5 bytes)
Event: 172.022 Thread 0x000001d257d9f000 nmethod 5442 0x000001d233742b10 code [0x000001d233742cc0, 0x000001d233742dd8]
Event: 172.022 Thread 0x000001d257d9f000 5445       1       org.apache.coyote.Request::getMimeHeaders (5 bytes)
Event: 172.022 Thread 0x000001d257d9f000 nmethod 5445 0x000001d233742e90 code [0x000001d233743040, 0x000001d233743158]
Event: 172.022 Thread 0x000001d257d9f000 5441       1       org.apache.tomcat.util.buf.AbstractChunk::getEnd (5 bytes)
Event: 172.023 Thread 0x000001d257d9f000 nmethod 5441 0x000001d233743210 code [0x000001d2337433c0, 0x000001d2337434d8]
Event: 172.023 Thread 0x000001d257d9f000 5448   !   1       org.springframework.core.$Proxy23::hashCode (32 bytes)
Event: 172.024 Thread 0x000001d257d9f000 nmethod 5448 0x000001d233743590 code [0x000001d233743760, 0x000001d2337439c0]
Event: 174.239 Thread 0x000001d257d9f000 5449  s    1       java.io.ExpiringCache::get (39 bytes)
Event: 174.239 Thread 0x000001d257d9f000 nmethod 5449 0x000001d233743b90 code [0x000001d233743d60, 0x000001d2337440e0]

GC Heap History (10 events):
Event: 8.254 GC heap before
{Heap before GC invocations=2 (full 0):
 garbage-first heap   total 522240K, used 25498K [0x0000000602800000, 0x0000000800000000)
  region size 2048K, 10 young (20480K), 1 survivors (2048K)
 Metaspace       used 20763K, capacity 21241K, committed 21296K, reserved 1069056K
  class space    used 2475K, capacity 2685K, committed 2688K, reserved 1048576K
}
Event: 8.258 GC heap after
{Heap after GC invocations=3 (full 0):
 garbage-first heap   total 522240K, used 9770K [0x0000000602800000, 0x0000000800000000)
  region size 2048K, 1 young (2048K), 1 survivors (2048K)
 Metaspace       used 20763K, capacity 21241K, committed 21296K, reserved 1069056K
  class space    used 2475K, capacity 2685K, committed 2688K, reserved 1048576K
}
Event: 9.910 GC heap before
{Heap before GC invocations=4 (full 0):
 garbage-first heap   total 522240K, used 73258K [0x0000000602800000, 0x0000000800000000)
  region size 2048K, 32 young (65536K), 1 survivors (2048K)
 Metaspace       used 27495K, capacity 28320K, committed 28540K, reserved 1075200K
  class space    used 3354K, capacity 3659K, committed 3788K, reserved 1048576K
}
Event: 9.926 GC heap after
{Heap after GC invocations=5 (full 0):
 garbage-first heap   total 522240K, used 12967K [0x0000000602800000, 0x0000000800000000)
  region size 2048K, 3 young (6144K), 3 survivors (6144K)
 Metaspace       used 27495K, capacity 28320K, committed 28540K, reserved 1075200K
  class space    used 3354K, capacity 3659K, committed 3788K, reserved 1048576K
}
Event: 13.241 GC heap before
{Heap before GC invocations=5 (full 0):
 garbage-first heap   total 522240K, used 103079K [0x0000000602800000, 0x0000000800000000)
  region size 2048K, 47 young (96256K), 3 survivors (6144K)
 Metaspace       used 33533K, capacity 34452K, committed 34812K, reserved 1079296K
  class space    used 4181K, capacity 4557K, committed 4684K, reserved 1048576K
}
Event: 13.266 GC heap after
{Heap after GC invocations=6 (full 0):
 garbage-first heap   total 522240K, used 17186K [0x0000000602800000, 0x0000000800000000)
  region size 2048K, 5 young (10240K), 5 survivors (10240K)
 Metaspace       used 33533K, capacity 34452K, committed 34812K, reserved 1079296K
  class space    used 4181K, capacity 4557K, committed 4684K, reserved 1048576K
}
Event: 13.720 GC heap before
{Heap before GC invocations=6 (full 0):
 garbage-first heap   total 522240K, used 29474K [0x0000000602800000, 0x0000000800000000)
  region size 2048K, 12 young (24576K), 5 survivors (10240K)
 Metaspace       used 34887K, capacity 35797K, committed 35964K, reserved 1081344K
  class space    used 4354K, capacity 4706K, committed 4812K, reserved 1048576K
}
Event: 13.729 GC heap after
{Heap after GC invocations=7 (full 0):
 garbage-first heap   total 522240K, used 18308K [0x0000000602800000, 0x0000000800000000)
  region size 2048K, 6 young (12288K), 6 survivors (12288K)
 Metaspace       used 34887K, capacity 35797K, committed 35964K, reserved 1081344K
  class space    used 4354K, capacity 4706K, committed 4812K, reserved 1048576K
}
Event: 18.863 GC heap before
{Heap before GC invocations=8 (full 0):
 garbage-first heap   total 522240K, used 182148K [0x0000000602800000, 0x0000000800000000)
  region size 2048K, 86 young (176128K), 6 survivors (12288K)
 Metaspace       used 48046K, capacity 49483K, committed 49788K, reserved 1091584K
  class space    used 6154K, capacity 6769K, committed 6860K, reserved 1048576K
}
Event: 18.903 GC heap after
{Heap after GC invocations=9 (full 0):
 garbage-first heap   total 522240K, used 26107K [0x0000000602800000, 0x0000000800000000)
  region size 2048K, 9 young (18432K), 9 survivors (18432K)
 Metaspace       used 48046K, capacity 49483K, committed 49788K, reserved 1091584K
  class space    used 6154K, capacity 6769K, committed 6860K, reserved 1048576K
}

Deoptimization events (0 events):
No events

Classes redefined (0 events):
No events

Internal exceptions (10 events):
Event: 18.244 Thread 0x000001d22a305000 Exception <a 'java/lang/ClassNotFoundException'{0x0000000618bb11d0}: org/springframework/boot/autoconfigure/reactor/core/ReactorCoreAutoConfiguration$$EnhancerBySpringCGLIB$$6fee62d1Customizer> (0x0000000618bb11d0) thrown at [t:/workspace/open/src/hotspot
Event: 18.246 Thread 0x000001d22a305000 Exception <a 'java/lang/ClassNotFoundException'{0x0000000618bca1f0}: org/springframework/context/annotation/ConfigurationClassEnhancer$EnhancedConfigurationCustomizer> (0x0000000618bca1f0) thrown at [t:/workspace/open/src/hotspot/share/classfile/systemDic
Event: 18.248 Thread 0x000001d22a305000 Exception <a 'java/lang/ClassNotFoundException'{0x0000000618bd9d60}: org/springframework/beans/factory/BeanFactoryAwareCustomizer> (0x0000000618bd9d60) thrown at [t:/workspace/open/src/hotspot/share/classfile/systemDictionary.cpp, line 231]
Event: 18.249 Thread 0x000001d22a305000 Exception <a 'java/lang/ClassNotFoundException'{0x0000000618be8e98}: org/springframework/beans/factory/AwareCustomizer> (0x0000000618be8e98) thrown at [t:/workspace/open/src/hotspot/share/classfile/systemDictionary.cpp, line 231]
Event: 19.012 Thread 0x000001d22a305000 Exception <a 'java/lang/NoSuchMethodError'{0x00000006222f18c0}: java.lang.invoke.DirectMethodHandle$Holder.newInvokeSpecial(Ljava/lang/Object;I)Ljava/lang/Object;> (0x00000006222f18c0) thrown at [t:/workspace/open/src/hotspot/share/interpreter/linkResolve
Event: 24.264 Thread 0x000001d25b3ee800 Exception <a 'java/lang/NoSuchMethodError'{0x000000061fdce218}: java.lang.invoke.DirectMethodHandle$Holder.invokeSpecial(Ljava/lang/Object;Ljava/lang/Object;Ljava/lang/Object;Ljava/lang/Object;Ljava/lang/Object;Ljava/lang/Object;Ljava/lang/Object;Ljava/la
Event: 24.265 Thread 0x000001d25b3ee800 Exception <a 'java/lang/NoSuchMethodError'{0x000000061fdd71c0}: java.lang.invoke.Invokers$Holder.linkToTargetMethod(Ljava/lang/Object;Ljava/lang/Object;Ljava/lang/Object;Ljava/lang/Object;Ljava/lang/Object;Ljava/lang/Object;Ljava/lang/Object;)Ljava/lang/O
Event: 26.388 Thread 0x000001d25b3ed000 Exception <a 'java/net/ConnectException'{0x000000061f8c11d8}: Connection refused: no further information> (0x000000061f8c11d8) thrown at [t:/workspace/open/src/hotspot/share/prims/jni.cpp, line 636]
Event: 26.408 Thread 0x000001d25b3ed000 Exception <a 'java/lang/NoSuchMethodError'{0x000000061f8caac8}: java.lang.invoke.DirectMethodHandle$Holder.invokeInterface(Ljava/lang/Object;Ljava/lang/Object;)V> (0x000000061f8caac8) thrown at [t:/workspace/open/src/hotspot/share/interpreter/linkResolver
Event: 60.172 Thread 0x000001d25b31c800 Exception <a 'java/lang/NoSuchMethodError'{0x000000061f3d9d40}: java.lang.invoke.DirectMethodHandle$Holder.invokeSpecial(Ljava/lang/Object;Ljava/lang/Object;J)V> (0x000000061f3d9d40) thrown at [t:/workspace/open/src/hotspot/share/interpreter/linkResolver.

Events (10 events):
Event: 174.218 loading class org/hyperic/jni/ArchLoader
Event: 174.218 loading class org/hyperic/jni/ArchLoader done
Event: 174.231 loading class org/hyperic/jni/ArchName
Event: 174.231 loading class org/hyperic/jni/ArchName done
Event: 174.232 loading class java/net/URLDecoder
Event: 174.238 loading class java/net/URLDecoder done
Event: 174.238 loading class java/net/URLEncoder
Event: 174.238 loading class java/net/URLEncoder done
Event: 174.267 loading class org/hyperic/sigar/CpuInfo
Event: 174.267 loading class org/hyperic/sigar/CpuInfo done


Dynamic libraries:
0x00007ff77bb40000 - 0x00007ff77bb87000 	C:\WQApp\Java\jdk-11.0.6\bin\java.exe
0x00007ff9d5b70000 - 0x00007ff9d5d84000 	C:\WINDOWS\SYSTEM32\ntdll.dll
0x00007ff9d5260000 - 0x00007ff9d5323000 	C:\WINDOWS\System32\KERNEL32.DLL
0x00007ff9d35e0000 - 0x00007ff9d397c000 	C:\WINDOWS\System32\KERNELBASE.dll
0x00007ff9d4da0000 - 0x00007ff9d4e4e000 	C:\WINDOWS\System32\ADVAPI32.dll
0x00007ff9d4a80000 - 0x00007ff9d4b27000 	C:\WINDOWS\System32\msvcrt.dll
0x00007ff9d4970000 - 0x00007ff9d4a14000 	C:\WINDOWS\System32\sechost.dll
0x00007ff9d5a00000 - 0x00007ff9d5b15000 	C:\WINDOWS\System32\RPCRT4.dll
0x00007ff9d46e0000 - 0x00007ff9d488d000 	C:\WINDOWS\System32\USER32.dll
0x00007ff9d3200000 - 0x00007ff9d3226000 	C:\WINDOWS\System32\win32u.dll
0x00007ff9d4940000 - 0x00007ff9d4969000 	C:\WINDOWS\System32\GDI32.dll
0x00007ff9d34c0000 - 0x00007ff9d35d3000 	C:\WINDOWS\System32\gdi32full.dll
0x00007ff9d3230000 - 0x00007ff9d32ca000 	C:\WINDOWS\System32\msvcp_win.dll
0x00007ff9d3020000 - 0x00007ff9d3131000 	C:\WINDOWS\System32\ucrtbase.dll
0x00007ff9b7490000 - 0x00007ff9b771e000 	C:\WINDOWS\WinSxS\amd64_microsoft.windows.common-controls_6595b64144ccf1df_6.0.22621.436_none_a94247dbc10d8414\COMCTL32.dll
0x00007ff9c2fd0000 - 0x00007ff9c2fda000 	C:\WINDOWS\SYSTEM32\VERSION.dll
0x00007ff9d5000000 - 0x00007ff9d5031000 	C:\WINDOWS\System32\IMM32.DLL
0x00007ff9be680000 - 0x00007ff9be696000 	C:\WQApp\Java\jdk-11.0.6\bin\vcruntime140.dll
0x00007ff9b0e20000 - 0x00007ff9b0eca000 	C:\WQApp\Java\jdk-11.0.6\bin\msvcp140.dll
0x00007ff955e30000 - 0x00007ff956959000 	C:\WQApp\Java\jdk-11.0.6\bin\server\jvm.dll
0x00007ff9d4d90000 - 0x00007ff9d4d98000 	C:\WINDOWS\System32\PSAPI.DLL
0x00007ff9caf30000 - 0x00007ff9caf64000 	C:\WINDOWS\SYSTEM32\WINMM.dll
0x00007ff9aa820000 - 0x00007ff9aa829000 	C:\WINDOWS\SYSTEM32\WSOCK32.dll
0x00007ff9d51e0000 - 0x00007ff9d5251000 	C:\WINDOWS\System32\WS2_32.dll
0x00007ff9d20b0000 - 0x00007ff9d20c8000 	C:\WINDOWS\SYSTEM32\kernel.appcore.dll
0x00007ff9be660000 - 0x00007ff9be671000 	C:\WQApp\Java\jdk-11.0.6\bin\verify.dll
0x00007ff9c8520000 - 0x00007ff9c874e000 	C:\WINDOWS\SYSTEM32\DBGHELP.DLL
0x00007ff9d3a60000 - 0x00007ff9d3de9000 	C:\WINDOWS\System32\combase.dll
0x00007ff9d4b30000 - 0x00007ff9d4c07000 	C:\WINDOWS\System32\OLEAUT32.dll
0x00007ff9af000000 - 0x00007ff9af032000 	C:\WINDOWS\SYSTEM32\dbgcore.DLL
0x00007ff9d32d0000 - 0x00007ff9d334b000 	C:\WINDOWS\System32\bcryptPrimitives.dll
0x00007ff9b2fa0000 - 0x00007ff9b2fc9000 	C:\WQApp\Java\jdk-11.0.6\bin\java.dll
0x00007ff9aecf0000 - 0x00007ff9aed1f000 	C:\WQApp\Java\jdk-11.0.6\bin\instrument.dll
0x00007ff9b5710000 - 0x00007ff9b5726000 	C:\WQApp\Java\jdk-11.0.6\bin\zip.dll
0x00007ff9b9200000 - 0x00007ff9b920a000 	C:\WQApp\Java\jdk-11.0.6\bin\jimage.dll
0x00007ff9d3ef0000 - 0x00007ff9d46e0000 	C:\WINDOWS\System32\SHELL32.dll
0x00007ff9d0f50000 - 0x00007ff9d181e000 	C:\WINDOWS\SYSTEM32\windows.storage.dll
0x00007ff9d0e10000 - 0x00007ff9d0f4e000 	C:\WINDOWS\SYSTEM32\wintypes.dll
0x00007ff9d4f00000 - 0x00007ff9d4ff1000 	C:\WINDOWS\System32\SHCORE.dll
0x00007ff9d3980000 - 0x00007ff9d39de000 	C:\WINDOWS\System32\shlwapi.dll
0x00007ff9d2ee0000 - 0x00007ff9d2f01000 	C:\WINDOWS\SYSTEM32\profapi.dll
0x00007ff9b5630000 - 0x00007ff9b5649000 	C:\WQApp\Java\jdk-11.0.6\bin\net.dll
0x00007ff9d0630000 - 0x00007ff9d075f000 	C:\WINDOWS\SYSTEM32\WINHTTP.dll
0x00007ff9d2510000 - 0x00007ff9d2579000 	C:\WINDOWS\system32\mswsock.dll
0x00007ff9b5600000 - 0x00007ff9b5613000 	C:\WQApp\Java\jdk-11.0.6\bin\nio.dll
0x00007ff9ab5c0000 - 0x00007ff9ab5da000 	C:\WQApp\JetBrains\IntelliJ IDEA 2020.3.2\bin\breakgen64.dll
0x00007ff9d1b50000 - 0x00007ff9d1c43000 	C:\WINDOWS\SYSTEM32\DNSAPI.dll
0x00007ff9d1b20000 - 0x00007ff9d1b4d000 	C:\WINDOWS\SYSTEM32\IPHLPAPI.DLL
0x00007ff9d5350000 - 0x00007ff9d5359000 	C:\WINDOWS\System32\NSI.dll
0x00007ff9cb360000 - 0x00007ff9cb36a000 	C:\Windows\System32\rasadhlp.dll
0x00007ff9ca4c0000 - 0x00007ff9ca543000 	C:\WINDOWS\System32\fwpuclnt.dll
0x00007ff9b5e20000 - 0x00007ff9b5e29000 	C:\WQApp\Java\jdk-11.0.6\bin\management.dll
0x00007ff9b4bb0000 - 0x00007ff9b4bbc000 	C:\WQApp\Java\jdk-11.0.6\bin\management_ext.dll
0x00007ff9d2830000 - 0x00007ff9d284b000 	C:\WINDOWS\SYSTEM32\CRYPTSP.dll
0x00007ff9d2020000 - 0x00007ff9d2055000 	C:\WINDOWS\system32\rsaenh.dll
0x00007ff9d25b0000 - 0x00007ff9d25d8000 	C:\WINDOWS\SYSTEM32\USERENV.dll
0x00007ff9d2960000 - 0x00007ff9d2988000 	C:\WINDOWS\SYSTEM32\bcrypt.dll
0x00007ff9d2810000 - 0x00007ff9d281c000 	C:\WINDOWS\SYSTEM32\CRYPTBASE.dll
0x00007ff9cb370000 - 0x00007ff9cb389000 	C:\WINDOWS\SYSTEM32\dhcpcsvc6.DLL
0x00007ff9caf10000 - 0x00007ff9caf2f000 	C:\WINDOWS\SYSTEM32\dhcpcsvc.DLL
0x00007ff9a6020000 - 0x00007ff9a6037000 	C:\WINDOWS\system32\napinsp.dll
0x00007ff9a5fd0000 - 0x00007ff9a5feb000 	C:\WINDOWS\system32\pnrpnsp.dll
0x00007ff9a5fb0000 - 0x00007ff9a5fc1000 	C:\WINDOWS\System32\winrnr.dll
0x00007ff9cac10000 - 0x00007ff9cac25000 	C:\WINDOWS\system32\wshbth.dll
0x00007ff9a5b20000 - 0x00007ff9a5b41000 	C:\WINDOWS\system32\nlansp_c.dll
0x0000000010000000 - 0x0000000010070000 	C:\Windows\System32\sigar-amd64-winnt.dll
0x00007ff9d5040000 - 0x00007ff9d51dc000 	C:\WINDOWS\System32\ole32.dll
0x00007ff9b8dc0000 - 0x00007ff9b8e10000 	C:\WINDOWS\SYSTEM32\pdh.dll
0x00007ff9c01d0000 - 0x00007ff9c01e9000 	C:\WINDOWS\SYSTEM32\NETAPI32.dll
0x00007ff9d1a30000 - 0x00007ff9d1a3c000 	C:\WINDOWS\SYSTEM32\NETUTILS.DLL
0x00007ff9b8a80000 - 0x00007ff9b8aa8000 	C:\WINDOWS\SYSTEM32\SRVCLI.DLL

dbghelp: loaded successfully - version: 4.0.5 - missing functions: none
symbol engine: initialized successfully - sym options: 0x614 - pdb path: .;C:\WQApp\Java\jdk-11.0.6\bin;C:\WINDOWS\SYSTEM32;C:\WINDOWS\WinSxS\amd64_microsoft.windows.common-controls_6595b64144ccf1df_6.0.22621.436_none_a94247dbc10d8414;C:\WQApp\Java\jdk-11.0.6\bin\server;C:\WQApp\JetBrains\IntelliJ IDEA 2020.3.2\bin

VM Arguments:
jvm_args: -XX:TieredStopAtLevel=1 -Xverify:none -Dspring.output.ansi.enabled=always -javaagent:C:\WQApp\JetBrains\IntelliJ IDEA 2020.3.2\lib\idea_rt.jar=14614:C:\WQApp\JetBrains\IntelliJ IDEA 2020.3.2\bin -Dcom.sun.management.jmxremote -Dspring.jmx.enabled=true -Dspring.liveBeansView.mbeanDomain -Dspring.application.admin.enabled=true -Dfile.encoding=UTF-8 
java_command: qiang.QiangApplication
java_class_path (initial): C:\WQDoc\IdeaProjects\qiang-java\spring-boot-web\target\classes;D:\repository\maven\org\springframework\boot\spring-boot-starter-data-redis\2.1.6.RELEASE\spring-boot-starter-data-redis-2.1.6.RELEASE.jar;D:\repository\maven\org\springframework\boot\spring-boot-starter\2.1.6.RELEASE\spring-boot-starter-2.1.6.RELEASE.jar;D:\repository\maven\org\springframework\boot\spring-boot\2.1.6.RELEASE\spring-boot-2.1.6.RELEASE.jar;D:\repository\maven\org\springframework\boot\spring-boot-autoconfigure\2.1.6.RELEASE\spring-boot-autoconfigure-2.1.6.RELEASE.jar;D:\repository\maven\org\springframework\boot\spring-boot-starter-logging\2.1.6.RELEASE\spring-boot-starter-logging-2.1.6.RELEASE.jar;D:\repository\maven\ch\qos\logback\logback-classic\1.2.3\logback-classic-1.2.3.jar;D:\repository\maven\ch\qos\logback\logback-core\1.2.3\logback-core-1.2.3.jar;D:\repository\maven\org\apache\logging\log4j\log4j-to-slf4j\2.11.2\log4j-to-slf4j-2.11.2.jar;D:\repository\maven\org\apache\logging\log4j\log4j-api\2.11.2\log4j-api-2.11.2.jar;D:\repository\maven\org\slf4j\jul-to-slf4j\1.7.26\jul-to-slf4j-1.7.26.jar;D:\repository\maven\javax\annotation\javax.annotation-api\1.3.2\javax.annotation-api-1.3.2.jar;D:\repository\maven\org\yaml\snakeyaml\1.23\snakeyaml-1.23.jar;D:\repository\maven\org\springframework\data\spring-data-redis\2.1.9.RELEASE\spring-data-redis-2.1.9.RELEASE.jar;D:\repository\maven\org\springframework\data\spring-data-keyvalue\2.1.9.RELEASE\spring-data-keyvalue-2.1.9.RELEASE.jar;D:\repository\maven\org\springframework\data\spring-data-commons\2.1.9.RELEASE\spring-data-commons-2.1.9.RELEASE.jar;D:\repository\maven\org\springframework\spring-tx\5.1.8.RELEASE\spring-tx-5.1.8.RELEASE.jar;D:\repository\maven\org\springframework\spring-oxm\5.1.8.RELEASE\spring-oxm-5.1.8.RELEASE.jar;D:\repository\maven\org\springframework\spring-aop\5.1.8.RELEASE\spring-aop-5.1.8.RELEASE.jar;D:\repository\maven\org\springframework\spring-context-support\5.1.8.RELEASE\spring-context
Launcher Type: SUN_STANDARD

[Global flags]
     bool BytecodeVerificationLocal                = false                                     {product} {command line}
     bool BytecodeVerificationRemote               = false                                     {product} {command line}
     intx CICompilerCount                          = 4                                         {product} {ergonomic}
     uint ConcGCThreads                            = 2                                         {product} {ergonomic}
     uint G1ConcRefinementThreads                  = 8                                         {product} {ergonomic}
   size_t G1HeapRegionSize                         = 2097152                                   {product} {ergonomic}
    uintx GCDrainStackTargetSize                   = 64                                        {product} {ergonomic}
   size_t InitialHeapSize                          = 534773760                                 {product} {ergonomic}
     bool ManagementServer                         = true                                      {product} {command line}
   size_t MarkStackSize                            = 4194304                                   {product} {ergonomic}
   size_t MaxHeapSize                              = 8547991552                                {product} {ergonomic}
   size_t MaxNewSize                               = 5127536640                                {product} {ergonomic}
   size_t MinHeapDeltaBytes                        = 2097152                                   {product} {ergonomic}
    uintx NonNMethodCodeHeapSize                   = 7549744                                {pd product} {ergonomic}
    uintx NonProfiledCodeHeapSize                  = 244108496                              {pd product} {ergonomic}
    uintx ProfiledCodeHeapSize                     = 0                                      {pd product} {ergonomic}
    uintx ReservedCodeCacheSize                    = 251658240                              {pd product} {ergonomic}
     bool SegmentedCodeCache                       = true                                      {product} {ergonomic}
     intx TieredStopAtLevel                        = 1                                         {product} {command line}
     bool UseCompressedClassPointers               = true                                 {lp64_product} {ergonomic}
     bool UseCompressedOops                        = true                                 {lp64_product} {ergonomic}
     bool UseG1GC                                  = true                                      {product} {ergonomic}
     bool UseLargePagesIndividualAllocation        = false                                  {pd product} {ergonomic}

Logging:
Log output configuration:
 #0: stdout all=warning uptime,level,tags
 #1: stderr all=off uptime,level,tags

Environment Variables:
JAVA_HOME=C:\WQApp\Java\jdk-11.0.6
PATH=C:\WINDOWS;C:\WINDOWS\system32;C:\WINDOWS\System32\Wbem;C:\WINDOWS\System32\WindowsPowerShell\v1.0\;C:\WINDOWS\System32\OpenSSH\;C:\WQApp\Java\jdk-11.0.6\bin;C:\WQApp\Maven\apache-maven-3.6.3\bin;C:\WQApp\Gradle\gradle-7.6\bin;C:\WQApp\Python\Python37\;C:\WQApp\Python\Python37\Scripts\;C:\ProgramData\chocolatey\bin;C:\WINDOWS\system32;C:\WINDOWS;C:\WINDOWS\System32\Wbem;C:\WINDOWS\System32\WindowsPowerShell\v1.0\;C:\WINDOWS\System32\OpenSSH\;C:\WQApp\nodejs\;C:\WQApp\Git\cmd;C:\Program Files\Docker\Docker\resources\bin;C:\Go\bin;C:\Program Files\Microsoft SQL Server\130\Tools\Binn\;C:\Program Files (x86)\dotnet\;C:\WQApp\Microsoft VS Code\bin;C:\Program Files\dotnet\;C:\Program Files (x86)\NVIDIA Corporation\PhysX\Common;C:\Program Files\NVIDIA Corporation\NVIDIA NvDLISR;C:\Users\Qiang\AppData\Local\Microsoft\WindowsApps;C:\Users\Qiang\AppData\Local\Microsoft\WindowsApps;C:\Users\Qiang\.dotnet\tools;C:\Users\Qiang\AppData\Roaming\npm;C:\Users\Qiang\go\bin;C:\Program Files\MySQL\MySQL Shell 8.0\bin\;C:\WQApp\Bandizip\;
USERNAME=Qiang
OS=Windows_NT
PROCESSOR_IDENTIFIER=Intel64 Family 6 Model 158 Stepping 9, GenuineIntel



---------------  S Y S T E M  ---------------

OS: Windows 10 , 64 bit Build 22621 (10.0.22621.1325)

CPU:total 8 (initial active 8) (4 cores per cpu, 2 threads per core) family 6 model 158 stepping 9, cmov, cx8, fxsr, mmx, sse, sse2, sse3, ssse3, sse4.1, sse4.2, popcnt, avx, avx2, aes, clmul, erms, 3dnowpref, lzcnt, ht, tsc, tscinvbit, bmi1, bmi2, adx, fma

Memory: 4k page, system-wide physical 32604M (17080M free)
TotalPageFile size 37468M (AvailPageFile size 19134M)
current process WorkingSet (physical memory assigned to process): 350M, peak: 350M
current process commit charge ("private bytes"): 708M, peak: 708M

vm_info: Java HotSpot(TM) 64-Bit Server VM (11.0.6+8-LTS) for windows-amd64 JRE (11.0.6+8-LTS), built on Dec 11 2019 09:17:57 by "mach5one" with MS VC++ 15.5 (VS2017)

END.
